#
# A fatal error has been detected by the Java Runtime Environment:
#
#  SIGSEGV (0xb) at pc=0x0000000136411f69, pid=26902, tid=259
#
# JRE version: Java(TM) SE Runtime Environment (8.0_74-b02) (build 1.8.0_74-b02)
# Java VM: Java HotSpot(TM) 64-Bit Server VM (25.74-b02 mixed mode bsd-amd64 compressed oops)
# Problematic frame:
# C  [libglfw.dylib+0x11f69]
#
# Failed to write core dump. Core dumps have been disabled. To enable core dumping, try "ulimit -c unlimited" before starting Java again
#
# If you would like to submit a bug report, please visit:
#   http://bugreport.java.com/bugreport/crash.jsp
# The crash happened outside the Java Virtual Machine in native code.
# See problematic frame for where to report the bug.
#

---------------  T H R E A D  ---------------

Current thread (0x00007f97e380f000):  JavaThread "Render thread" [_thread_in_native, id=259, stack(0x00000003058b1000,0x00000003060b1000)]

siginfo: si_signo: 11 (SIGSEGV), si_code: 1 (SEGV_MAPERR), si_addr: 0x0000000000000088

Registers:
RAX=0x0000000000000000, RBX=0x00007f97e3066d90, RCX=0x0000000000000000, RDX=0x0000000000480e00
RSP=0x00000003060aa940, RBP=0x00000003060aa9e0, RSI=0x00000001095cb200, RDI=0x00000001095b4380
R8 =0x00007f9775adcc00, R9 =0x0000000000000800, R10=0x0000000000008004, R11=0x0000000000003fff
R12=0x00000000000005a0, R13=0x0000000000000a00, R14=0x00007ff80aed4700, R15=0x0000000000000000
RIP=0x0000000136411f69, EFLAGS=0x0000000000000202, ERR=0x0000000000000004
  TRAPNO=0x000000000000000e

Top of Stack: (sp=0x00000003060aa940)
0x00000003060aa940:   0000600003684030 0000600003d6af70
0x00000003060aa950:   00007f97e3066d90 0000000000000000
0x00000003060aa960:   00000a00000005a0 00007ff8258a917e
0x00000003060aa970:   0000600000780420 00007f97e1704a30
0x00000003060aa980:   00007f97e1704a40 00007f97e1704e18
0x00000003060aa990:   00000000000003d8 00000007c0bb2b70
0x00000003060aa9a0:   00000007c0bb2b70 00000001417d79b0
0x00000003060aa9b0:   00007ff8258347ec 00000000000005a0
0x00000003060aa9c0:   0000000000000000 0000000135981530
0x00000003060aa9d0:   00000003060aab20 00007f97e380f000
0x00000003060aa9e0:   00000003060aaa00 0000000135a6e07e
0x00000003060aa9f0:   000000010000003c 0000000135981530
0x00000003060aaa00:   00000003060aaab0 000000010c3d4394
0x00000003060aaa10:   0000600000000000 0000000000000a00
0x00000003060aaa20:   00000003000005a0 000000010000003c
0x00000003060aaa30:   00000001417c3410 00006000026c5d80
0x00000003060aaa40:   00007f97e380f000 0000000000000001
0x00000003060aaa50:   00000003060aaa90 000000010a99d10f
0x00000003060aaa60:   0000000e417d79b0 00007f97e380f000
0x00000003060aaa70:   00000003060aaa70 0000000000000000
0x00000003060aaa80:   00000003060aab20 000000013646dd48
0x00000003060aaa90:   0000000000000000 0000000135981530
0x00000003060aaaa0:   0000000000000000 00000003060aaad0
0x00000003060aaab0:   00000003060aab68 000000010c3c6c4d
0x00000003060aaac0:   00000005440d8760 000000010c3ce578
0x00000003060aaad0:   000000000000003c 00000000000005a0
0x00000003060aaae0:   0000000000000a00 0000000000000000
0x00000003060aaaf0:   0000000000000000 0000600003d6af70
0x00000003060aab00:   00000003060aab68 00007f97e3066d90
0x00000003060aab10:   000000010c3c6760 000000013640b5b0
0x00000003060aab20:   0000000000000001 00000003060aab28
0x00000003060aab30:   00000001359625ae 00000003060aabc8 

Instructions: (pc=0x0000000136411f69)
0x0000000136411f49:   03 00 00 48 8b 35 55 4a 02 00 31 d2 41 ff d6 48
0x0000000136411f59:   8b 7b 40 48 8d 73 28 e8 0b b8 ff ff 48 8b 43 40
0x0000000136411f69:   8b b0 88 00 00 00 48 8d 7d 90 e8 04 3a 00 00 4c
0x0000000136411f79:   8b 7d 90 f2 0f 10 45 98 f2 0f 58 45 a8 f2 0f 5a 

Register to memory mapping:

RAX=0x0000000000000000 is an unknown value
RBX=0x00007f97e3066d90 is an unknown value
RCX=0x0000000000000000 is an unknown value
RDX=0x0000000000480e00 is an unknown value
RSP=0x00000003060aa940 is pointing into the stack for thread: 0x00007f97e380f000
RBP=0x00000003060aa9e0 is pointing into the stack for thread: 0x00007f97e380f000
RSI=0x00000001095cb200 is an unknown value
RDI=0x00000001095b4380 is an unknown value
R8 =0x00007f9775adcc00 is an unknown value
R9 =0x0000000000000800 is an unknown value
R10=0x0000000000008004 is an unknown value
R11=0x0000000000003fff is an unknown value
R12=0x00000000000005a0 is an unknown value
R13=0x0000000000000a00 is an unknown value
R14=0x00007ff80aed4700: objc_msgSend+0 in /usr/lib/libobjc.A.dylib at 0x00007ff80aece000
R15=0x0000000000000000 is an unknown value


Stack: [0x00000003058b1000,0x00000003060b1000],  sp=0x00000003060aa940,  free space=8166k
Native frames: (J=compiled Java code, j=interpreted, Vv=VM code, C=native code)
C  [libglfw.dylib+0x11f69]
C  [liblwjgl.dylib+0x607e]
j  org.lwjgl.system.JNI.invokePPV(JJJIIIII)V+0
j  org.lwjgl.glfw.GLFW.glfwSetWindowMonitor(JJIIIII)V+30
j  net.minecraft.client.MainWindow.func_198108_y()V+164
j  net.minecraft.client.MainWindow.func_216527_d(Z)V+9
J 54623 C1 net.minecraft.client.Minecraft.func_195542_b(Z)V (994 bytes) @ 0x0000000113f9f1dc [0x0000000113f96ca0+0x853c]
j  net.minecraft.client.Minecraft.func_99999_d()V+83
j  net.minecraft.client.main.Main.main([Ljava/lang/String;)V+1379
v  ~StubRoutines::call_stub
V  [libjvm.dylib+0x2ea39e]
V  [libjvm.dylib+0x4caa14]
V  [libjvm.dylib+0x4caf48]
V  [libjvm.dylib+0x3425b0]
j  sun.reflect.NativeMethodAccessorImpl.invoke0(Ljava/lang/reflect/Method;Ljava/lang/Object;[Ljava/lang/Object;)Ljava/lang/Object;+0
j  sun.reflect.NativeMethodAccessorImpl.invoke(Ljava/lang/Object;[Ljava/lang/Object;)Ljava/lang/Object;+100
J 2255 C1 sun.reflect.DelegatingMethodAccessorImpl.invoke(Ljava/lang/Object;[Ljava/lang/Object;)Ljava/lang/Object; (10 bytes) @ 0x000000010cac270c [0x000000010cac2600+0x10c]
J 2254 C1 java.lang.reflect.Method.invoke(Ljava/lang/Object;[Ljava/lang/Object;)Ljava/lang/Object; (62 bytes) @ 0x000000010cac7454 [0x000000010cac7060+0x3f4]
j  net.minecraftforge.fml.loading.FMLClientLaunchProvider.lambda$launchService$0(Lcpw/mods/modlauncher/api/ITransformingClassLoader;[Ljava/lang/String;)Ljava/lang/Void;+50
j  net.minecraftforge.fml.loading.FMLClientLaunchProvider$$Lambda$498.call()Ljava/lang/Object;+12
j  cpw.mods.modlauncher.LaunchServiceHandlerDecorator.launch([Ljava/lang/String;Lcpw/mods/modlauncher/api/ITransformingClassLoader;)V+11
j  cpw.mods.modlauncher.LaunchServiceHandler.launch(Ljava/lang/String;[Ljava/lang/String;Lcpw/mods/modlauncher/TransformingClassLoader;Lcpw/mods/modlauncher/LaunchPluginHandler;)V+57
j  cpw.mods.modlauncher.LaunchServiceHandler.launch(Lcpw/mods/modlauncher/ArgumentHandler;Lcpw/mods/modlauncher/TransformingClassLoader;Lcpw/mods/modlauncher/LaunchPluginHandler;)V+19
j  cpw.mods.modlauncher.Launcher.run([Ljava/lang/String;)V+116
j  cpw.mods.modlauncher.Launcher.main([Ljava/lang/String;)V+37
v  ~StubRoutines::call_stub
V  [libjvm.dylib+0x2ea39e]
V  [libjvm.dylib+0x321110]
V  [libjvm.dylib+0x319e8a]
C  [java+0x393e]  JavaMain+0x9b1
C  [java+0x559c]  -[JavaLaunchHelper launchJava:]+0x2a
C  [Foundation+0x81557]  __NSThreadPerformPerform+0xb3
C  [CoreFoundation+0x7f35a]  __CFRUNLOOP_IS_CALLING_OUT_TO_A_SOURCE0_PERFORM_FUNCTION__+0x11
C  [CoreFoundation+0x7f2c2]  __CFRunLoopDoSource0+0xb4
C  [CoreFoundation+0x7f040]  __CFRunLoopDoSources0+0xf2
C  [CoreFoundation+0x7da50]  __CFRunLoopRun+0x37c
C  [CoreFoundation+0x7d014]  CFRunLoopRunSpecific+0x232
C  [java+0x6463]  CreateExecutionEnvironment+0x367
C  [java+0x21ac]  JLI_Launch+0x7a0
C  [java+0x84c0]  main+0x65
C  [java+0x1a04]  start+0x34
C  0x000000000000002f

Java frames: (J=compiled Java code, j=interpreted, Vv=VM code)
j  org.lwjgl.system.JNI.invokePPV(JJJIIIII)V+0
j  org.lwjgl.glfw.GLFW.glfwSetWindowMonitor(JJIIIII)V+30
j  net.minecraft.client.MainWindow.func_198108_y()V+164
j  net.minecraft.client.MainWindow.func_216527_d(Z)V+9
J 54623 C1 net.minecraft.client.Minecraft.func_195542_b(Z)V (994 bytes) @ 0x0000000113f9f1dc [0x0000000113f96ca0+0x853c]
j  net.minecraft.client.Minecraft.func_99999_d()V+83
j  net.minecraft.client.main.Main.main([Ljava/lang/String;)V+1379
v  ~StubRoutines::call_stub
j  sun.reflect.NativeMethodAccessorImpl.invoke0(Ljava/lang/reflect/Method;Ljava/lang/Object;[Ljava/lang/Object;)Ljava/lang/Object;+0
j  sun.reflect.NativeMethodAccessorImpl.invoke(Ljava/lang/Object;[Ljava/lang/Object;)Ljava/lang/Object;+100
J 2255 C1 sun.reflect.DelegatingMethodAccessorImpl.invoke(Ljava/lang/Object;[Ljava/lang/Object;)Ljava/lang/Object; (10 bytes) @ 0x000000010cac270c [0x000000010cac2600+0x10c]
J 2254 C1 java.lang.reflect.Method.invoke(Ljava/lang/Object;[Ljava/lang/Object;)Ljava/lang/Object; (62 bytes) @ 0x000000010cac7454 [0x000000010cac7060+0x3f4]
j  net.minecraftforge.fml.loading.FMLClientLaunchProvider.lambda$launchService$0(Lcpw/mods/modlauncher/api/ITransformingClassLoader;[Ljava/lang/String;)Ljava/lang/Void;+50
j  net.minecraftforge.fml.loading.FMLClientLaunchProvider$$Lambda$498.call()Ljava/lang/Object;+12
j  cpw.mods.modlauncher.LaunchServiceHandlerDecorator.launch([Ljava/lang/String;Lcpw/mods/modlauncher/api/ITransformingClassLoader;)V+11
j  cpw.mods.modlauncher.LaunchServiceHandler.launch(Ljava/lang/String;[Ljava/lang/String;Lcpw/mods/modlauncher/TransformingClassLoader;Lcpw/mods/modlauncher/LaunchPluginHandler;)V+57
j  cpw.mods.modlauncher.LaunchServiceHandler.launch(Lcpw/mods/modlauncher/ArgumentHandler;Lcpw/mods/modlauncher/TransformingClassLoader;Lcpw/mods/modlauncher/LaunchPluginHandler;)V+19
j  cpw.mods.modlauncher.Launcher.run([Ljava/lang/String;)V+116
j  cpw.mods.modlauncher.Launcher.main([Ljava/lang/String;)V+37
v  ~StubRoutines::call_stub

---------------  P R O C E S S  ---------------

Java Threads: ( => current thread )
  0x00007f97638a0800 JavaThread "Worker-Main-44" daemon [_thread_blocked, id=122631, stack(0x0000000308ff6000,0x00000003090f6000)]
  0x00007f9763896000 JavaThread "Worker-Main-43" daemon [_thread_blocked, id=137739, stack(0x0000000308d6a000,0x0000000308e6a000)]
  0x00007f976339e800 JavaThread "Worker-Main-42" daemon [_thread_blocked, id=137019, stack(0x000000030834c000,0x000000030844c000)]
  0x00007f97e51c4800 JavaThread "IO-Worker-35" [_thread_in_Java, id=145691, stack(0x0000000308ef3000,0x0000000308ff3000)]
  0x00007f9771856800 JavaThread "IO-Worker-34" [_thread_blocked, id=168067, stack(0x0000000308b64000,0x0000000308c64000)]
  0x00007f97946c3800 JavaThread "IO-Worker-21" [_thread_blocked, id=119463, stack(0x000000030b45f000,0x000000030b55f000)]
  0x00007f9795e0d000 JavaThread "JM-task-4" [_thread_blocked, id=75783, stack(0x000000030b35c000,0x000000030b45c000)]
  0x00007f9781d2a000 JavaThread "JM-texture-3" [_thread_blocked, id=142083, stack(0x000000030b259000,0x000000030b359000)]
  0x00007f97958dd000 JavaThread "JM-texture-2" [_thread_blocked, id=87847, stack(0x000000030844f000,0x000000030854f000)]
  0x00007f9775fbe800 JavaThread "Worker-Main-18" daemon [_thread_blocked, id=170087, stack(0x0000000308758000,0x0000000308858000)]
  0x00007f97969c6000 JavaThread "pool-5-thread-1" [_thread_blocked, id=88483, stack(0x0000000307ca5000,0x0000000307da5000)]
  0x00007f97947f2800 JavaThread "Sound engine" daemon [_thread_blocked, id=174159, stack(0x0000000308655000,0x0000000308755000)]
  0x00007f9794814800 JavaThread "Netty Client IO #1" daemon [_thread_in_native, id=163919, stack(0x0000000308552000,0x0000000308652000)]
  0x00007f9771d9f000 JavaThread "Netty Client IO #0" daemon [_thread_in_native, id=92623, stack(0x0000000308146000,0x0000000308246000)]
  0x00007f9793e50000 JavaThread "ObjectCleanerThread" daemon [_thread_blocked, id=88691, stack(0x0000000307db5000,0x0000000307eb5000)]
  0x00007f97b1f97800 JavaThread "Server Pinger #0" daemon [_thread_blocked, id=60775, stack(0x0000000308249000,0x0000000308349000)]
  0x00007f97750f3800 JavaThread "spark-worker-pool-1-thread-4" daemon [_thread_blocked, id=168491, stack(0x000000030885b000,0x000000030895b000)]
  0x00007f9793e2e800 JavaThread "spark-worker-pool-1-thread-3" daemon [_thread_blocked, id=160259, stack(0x000000030a8bb000,0x000000030a9bb000)]
  0x00007f97e28c0800 JavaThread "Java2D Disposer" daemon [_thread_blocked, id=159879, stack(0x000000030adca000,0x000000030aeca000)]
  0x00007f97e44a1000 JavaThread "Culling Thread" daemon [_thread_blocked, id=64819, stack(0x000000030a9be000,0x000000030aabe000)]
  0x00007f9772767000 JavaThread "spark-worker-pool-1-thread-2" daemon [_thread_blocked, id=159659, stack(0x000000030acc7000,0x000000030adc7000)]
  0x00007f97b1cad000 JavaThread "spark-worker-pool-1-thread-1" daemon [_thread_blocked, id=104343, stack(0x000000030abc4000,0x000000030acc4000)]
  0x00007f9781fb5800 JavaThread "spark-monitor" daemon [_thread_blocked, id=159447, stack(0x000000030aac1000,0x000000030abc1000)]
  0x00007f97819d3800 JavaThread "ComputerCraft-Network-3" daemon [_thread_blocked, id=161031, stack(0x000000030a7b8000,0x000000030a8b8000)]
  0x00007f9795b91000 JavaThread "ComputerCraft-Network-2" daemon [_thread_blocked, id=161715, stack(0x000000030a6b5000,0x000000030a7b5000)]
  0x00007f9781bc6800 JavaThread "Thread-30" daemon [_thread_blocked, id=99759, stack(0x000000030a5b2000,0x000000030a6b2000)]
  0x00007f9794388000 JavaThread "Thread-29" daemon [_thread_blocked, id=100099, stack(0x000000030a4af000,0x000000030a5af000)]
  0x00007f97918b1000 JavaThread "Thread-28" daemon [_thread_blocked, id=162183, stack(0x000000030a3ac000,0x000000030a4ac000)]
  0x00007f97e29ee800 JavaThread "Thread-27" daemon [_thread_blocked, id=99331, stack(0x000000030a2a9000,0x000000030a3a9000)]
  0x00007f9795b9a800 JavaThread "Thread-26" daemon [_thread_blocked, id=163479, stack(0x000000030a1a6000,0x000000030a2a6000)]
  0x00007f9793ff3800 JavaThread "Thread-25" daemon [_thread_blocked, id=98819, stack(0x000000030a0a3000,0x000000030a1a3000)]
  0x00007f9794628000 JavaThread "ComputerCraft-Network-1" daemon [_thread_blocked, id=98399, stack(0x0000000309fa0000,0x000000030a0a0000)]
  0x00007f9781920800 JavaThread "Thread-23" daemon [_thread_blocked, id=164683, stack(0x0000000309e9d000,0x0000000309f9d000)]
  0x00007f97731c9800 JavaThread "Thread-22" daemon [_thread_blocked, id=165003, stack(0x0000000309d9a000,0x0000000309e9a000)]
  0x00007f97e1c05000 JavaThread "Thread-21" daemon [_thread_blocked, id=165495, stack(0x0000000309c97000,0x0000000309d97000)]
  0x00007f9781a50800 JavaThread "Thread-20" daemon [_thread_blocked, id=97399, stack(0x0000000309b94000,0x0000000309c94000)]
  0x00007f9795c98800 JavaThread "Thread-19" daemon [_thread_blocked, id=96939, stack(0x0000000309a91000,0x0000000309b91000)]
  0x00007f97e29ee000 JavaThread "Thread-18" daemon [_thread_blocked, id=166191, stack(0x000000030998e000,0x0000000309a8e000)]
  0x00007f97e4282800 JavaThread "Thread-17" daemon [_thread_blocked, id=96259, stack(0x000000030988b000,0x000000030998b000)]
  0x00007f97e4281800 JavaThread "Thread-16" daemon [_thread_blocked, id=95491, stack(0x0000000309788000,0x0000000309888000)]
  0x00007f97724b9800 JavaThread "Thread-15" daemon [_thread_blocked, id=166403, stack(0x0000000309685000,0x0000000309785000)]
  0x00007f97731c8800 JavaThread "ComputerCraft-Network-0" daemon [_thread_blocked, id=94755, stack(0x0000000309582000,0x0000000309682000)]
  0x00007f9795b90800 JavaThread "Thread-13" daemon [_thread_blocked, id=94983, stack(0x000000030947f000,0x000000030957f000)]
  0x00007f97e187d000 JavaThread "Thread-12" daemon [_thread_blocked, id=173383, stack(0x000000030937c000,0x000000030947c000)]
  0x00007f97e45e7800 JavaThread "Thread-11" daemon [_thread_in_Java, id=168291, stack(0x0000000309279000,0x0000000309379000)]
  0x00007f9794f19000 JavaThread "pool-8-thread-1" [_thread_blocked, id=90631, stack(0x000000030895e000,0x0000000308a5e000)]
  0x00007f9772a43000 JavaThread "pool-6-thread-1" [_thread_blocked, id=91395, stack(0x0000000308c67000,0x0000000308d67000)]
  0x00007f97e2769800 JavaThread "KubeJS Background Thread" daemon [_thread_blocked, id=64383, stack(0x0000000307a9f000,0x0000000307b9f000)]
  0x00007f97e2a17000 JavaThread "Timer-0" daemon [_thread_blocked, id=78867, stack(0x0000000308a61000,0x0000000308b61000)]
  0x00007f97e224e800 JavaThread "Pregen MiniMap Storage" daemon [_thread_blocked, id=76551, stack(0x0000000308043000,0x0000000308143000)]
  0x00007f97e395c000 JavaThread "Snooper Timer" daemon [_thread_blocked, id=52811, stack(0x0000000307eb8000,0x0000000307fb8000)]
  0x00007f97e40df000 JavaThread "Timer hack thread" daemon [_thread_blocked, id=64131, stack(0x000000030757c000,0x000000030767c000)]
  0x00007f97e3ba4000 JavaThread "Thread-2" daemon [_thread_blocked, id=26223, stack(0x0000000307782000,0x0000000307882000)]
  0x00007f97e3bc9800 JavaThread "Thread-1" daemon [_thread_blocked, id=25471, stack(0x000000030767f000,0x000000030777f000)]
  0x00007f97e200a800 JavaThread "Service Thread" daemon [_thread_blocked, id=42503, stack(0x0000000307376000,0x0000000307476000)]
  0x00007f97e3842000 JavaThread "C1 CompilerThread3" daemon [_thread_in_vm, id=22531, stack(0x0000000307273000,0x0000000307373000)]
  0x00007f97e3841800 JavaThread "C2 CompilerThread2" daemon [_thread_blocked, id=22275, stack(0x0000000307170000,0x0000000307270000)]
  0x00007f97e3840800 JavaThread "C2 CompilerThread1" daemon [_thread_in_vm, id=21763, stack(0x000000030706d000,0x000000030716d000)]
  0x00007f97e3826000 JavaThread "C2 CompilerThread0" daemon [_thread_blocked, id=14851, stack(0x0000000306f6a000,0x000000030706a000)]
  0x00007f97e480c800 JavaThread "Signal Dispatcher" daemon [_thread_blocked, id=15363, stack(0x0000000306e67000,0x0000000306f67000)]
  0x00007f97e2819000 JavaThread "Finalizer" daemon [_thread_blocked, id=17415, stack(0x0000000306c56000,0x0000000306d56000)]
  0x00007f97e2816800 JavaThread "Reference Handler" daemon [_thread_blocked, id=17959, stack(0x0000000306b53000,0x0000000306c53000)]
=>0x00007f97e380f000 JavaThread "Render thread" [_thread_in_native, id=259, stack(0x00000003058b1000,0x00000003060b1000)]

Other Threads:
  0x00007f97e2813800 VMThread [stack: 0x0000000306a50000,0x0000000306b50000] [id=18179]
  0x00007f97e383b000 WatcherThread [stack: 0x0000000307479000,0x0000000307579000] [id=23051]

VM state:not at safepoint (normal execution)

VM Mutex/Monitor currently owned by a thread:  ([mutex/lock_event])
[0x0000600002780780] CodeCache_lock - owner thread: 0x00007f97e3840800
[0x0000600002781e00] Compile_lock - owner thread: 0x00007f97e3840800
[0x0000600002781f00] MethodCompileQueue_lock - owner thread: 0x00007f97e3840800

Heap:
 PSYoungGen      total 2809344K, used 1913033K [0x00000006ec000000, 0x00000007bb980000, 0x00000007c0000000)
  eden space 2243584K, 84% used [0x00000006ec000000,0x00000007605ce508,0x0000000774f00000)
  from space 565760K, 1% used [0x0000000774f00000,0x0000000775564078,0x0000000797780000)
  to   space 538112K, 0% used [0x000000079ac00000,0x000000079ac00000,0x00000007bb980000)
 ParOldGen       total 3345408K, used 3043654K [0x0000000544000000, 0x0000000610300000, 0x00000006ec000000)
  object space 3345408K, 90% used [0x0000000544000000,0x00000005fdc51830,0x0000000610300000)
 Metaspace       used 411065K, capacity 472413K, committed 472528K, reserved 1423360K
  class space    used 79128K, capacity 98169K, committed 98256K, reserved 1048576K

Card table byte_map: [0x000000011b3bf000,0x000000011c7a0000] byte_map_base: 0x000000011899f000

Marking Bits: (ParMarkBitMap*) 0x000000010ae3fea0
 Begin Bits: [0x000000011d4e0000, 0x00000001273e0000)
 End Bits:   [0x00000001273e0000, 0x00000001312e0000)

Polling page: 0x0000000109612000

CodeCache: size=245760Kb used=145405Kb max_used=146214Kb free=100354Kb
 bounds [0x000000010c3bf000, 0x000000011536f000, 0x000000011b3bf000]
 total_blobs=41331 nmethods=38488 adapters=2747
 compilation: enabled

Compilation events (10 events):
Event: 864.418 Thread 0x00007f97e3826000 nmethod 55933 0x0000000110e3bd50 code [0x0000000110e3bf60, 0x0000000110e3cda0]
Event: 864.421 Thread 0x00007f97e3840800 55936   !   4       journeymap.common.nbt.cache.CacheWorker::lambda$loadAsync$2 (46 bytes)
Event: 864.421 Thread 0x00007f97e3826000 55937  s    4       journeymap.common.nbt.cache.CacheFile::getChunkDataInputStream (123 bytes)
Event: 864.438 Thread 0x00007f97e3826000 nmethod 55937 0x00000001147c94d0 code [0x00000001147c9760, 0x00000001147cac38]
Event: 864.445 Thread 0x00007f97e3840800 nmethod 55936 0x0000000114104510 code [0x0000000114104880, 0x0000000114106420]
Event: 864.692 Thread 0x00007f97e3841800 nmethod 55935 0x0000000113edd290 code [0x0000000113ede1c0, 0x0000000113ee8630]
Event: 865.205 Thread 0x00007f97e3842000 55938       3       net.minecraft.network.play.server.SSpawnMobPacket::func_148837_a (97 bytes)
Event: 865.402 Thread 0x00007f97e3842000 nmethod 55938 0x0000000113fc4e50 code [0x0000000113fc5100, 0x0000000113fc68c8]
Event: 865.402 Thread 0x00007f97e3826000 55939       4       org.lwjgl.system.CustomBuffer::address (19 bytes)
Event: 865.418 Thread 0x00007f97e3826000 nmethod 55939 0x0000000113713690 code [0x00000001137137e0, 0x0000000113713878]

GC Heap History (10 events):
Event: 817.929 GC heap before
{Heap before GC invocations=131 (full 10):
 PSYoungGen      total 2760704K, used 2077792K [0x00000006ec000000, 0x00000007c0000000, 0x00000007c0000000)
  eden space 2072576K, 100% used [0x00000006ec000000,0x000000076a800000,0x000000076a800000)
  from space 688128K, 0% used [0x0000000793400000,0x0000000793918040,0x00000007bd400000)
  to   space 667648K, 0% used [0x000000076a800000,0x000000076a800000,0x0000000793400000)
 ParOldGen       total 3345408K, used 3036862K [0x0000000544000000, 0x0000000610300000, 0x00000006ec000000)
  object space 3345408K, 90% used [0x0000000544000000,0x00000005fd5af850,0x0000000610300000)
 Metaspace       used 410780K, capacity 471909K, committed 472144K, reserved 1423360K
  class space    used 79098K, capacity 98103K, committed 98128K, reserved 1048576K
Event: 818.597 GC heap after
Heap after GC invocations=131 (full 10):
 PSYoungGen      total 2740224K, used 5376K [0x00000006ec000000, 0x00000007bbf00000, 0x00000007c0000000)
  eden space 2072576K, 0% used [0x00000006ec000000,0x00000006ec000000,0x000000076a800000)
  from space 667648K, 0% used [0x000000076a800000,0x000000076ad40010,0x0000000793400000)
  to   space 644608K, 0% used [0x0000000794980000,0x0000000794980000,0x00000007bbf00000)
 ParOldGen       total 3345408K, used 3038377K [0x0000000544000000, 0x0000000610300000, 0x00000006ec000000)
  object space 3345408K, 90% used [0x0000000544000000,0x00000005fd72a628,0x0000000610300000)
 Metaspace       used 410780K, capacity 471909K, committed 472144K, reserved 1423360K
  class space    used 79098K, capacity 98103K, committed 98128K, reserved 1048576K
}
Event: 829.064 GC heap before
{Heap before GC invocations=132 (full 10):
 PSYoungGen      total 2740224K, used 2077952K [0x00000006ec000000, 0x00000007bbf00000, 0x00000007c0000000)
  eden space 2072576K, 100% used [0x00000006ec000000,0x000000076a800000,0x000000076a800000)
  from space 667648K, 0% used [0x000000076a800000,0x000000076ad40010,0x0000000793400000)
  to   space 644608K, 0% used [0x0000000794980000,0x0000000794980000,0x00000007bbf00000)
 ParOldGen       total 3345408K, used 3038377K [0x0000000544000000, 0x0000000610300000, 0x00000006ec000000)
  object space 3345408K, 90% used [0x0000000544000000,0x00000005fd72a628,0x0000000610300000)
 Metaspace       used 410947K, capacity 472143K, committed 472272K, reserved 1423360K
  class space    used 79124K, capacity 98162K, committed 98256K, reserved 1048576K
Event: 829.709 GC heap after
Heap after GC invocations=132 (full 10):
 PSYoungGen      total 2780672K, used 5728K [0x00000006ec000000, 0x00000007bb880000, 0x00000007c0000000)
  eden space 2142720K, 0% used [0x00000006ec000000,0x00000006ec000000,0x000000076ec80000)
  from space 637952K, 0% used [0x0000000794980000,0x0000000794f18000,0x00000007bb880000)
  to   space 619520K, 0% used [0x000000076ec80000,0x000000076ec80000,0x0000000794980000)
 ParOldGen       total 3345408K, used 3039657K [0x0000000544000000, 0x0000000610300000, 0x00000006ec000000)
  object space 3345408K, 90% used [0x0000000544000000,0x00000005fd86a628,0x0000000610300000)
 Metaspace       used 410947K, capacity 472143K, committed 472272K, reserved 1423360K
  class space    used 79124K, capacity 98162K, committed 98256K, reserved 1048576K
}
Event: 838.221 GC heap before
{Heap before GC invocations=133 (full 10):
 PSYoungGen      total 2780672K, used 2148448K [0x00000006ec000000, 0x00000007bb880000, 0x00000007c0000000)
  eden space 2142720K, 100% used [0x00000006ec000000,0x000000076ec80000,0x000000076ec80000)
  from space 637952K, 0% used [0x0000000794980000,0x0000000794f18000,0x00000007bb880000)
  to   space 619520K, 0% used [0x000000076ec80000,0x000000076ec80000,0x0000000794980000)
 ParOldGen       total 3345408K, used 3039657K [0x0000000544000000, 0x0000000610300000, 0x00000006ec000000)
  object space 3345408K, 90% used [0x0000000544000000,0x00000005fd86a628,0x0000000610300000)
 Metaspace       used 411025K, capacity 472319K, committed 472528K, reserved 1423360K
  class space    used 79127K, capacity 98168K, committed 98256K, reserved 1048576K
Event: 838.841 GC heap after
Heap after GC invocations=133 (full 10):
 PSYoungGen      total 2762240K, used 5504K [0x00000006ec000000, 0x00000007bbb00000, 0x00000007c0000000)
  eden space 2142720K, 0% used [0x00000006ec000000,0x00000006ec000000,0x000000076ec80000)
  from space 619520K, 0% used [0x000000076ec80000,0x000000076f1e0000,0x0000000794980000)
  to   space 593408K, 0% used [0x0000000797780000,0x0000000797780000,0x00000007bbb00000)
 ParOldGen       total 3345408K, used 3040545K [0x0000000544000000, 0x0000000610300000, 0x00000006ec000000)
  object space 3345408K, 90% used [0x0000000544000000,0x00000005fd948628,0x0000000610300000)
 Metaspace       used 411025K, capacity 472319K, committed 472528K, reserved 1423360K
  class space    used 79127K, capacity 98168K, committed 98256K, reserved 1048576K
}
Event: 848.789 GC heap before
{Heap before GC invocations=134 (full 10):
 PSYoungGen      total 2762240K, used 2148224K [0x00000006ec000000, 0x00000007bbb00000, 0x00000007c0000000)
  eden space 2142720K, 100% used [0x00000006ec000000,0x000000076ec80000,0x000000076ec80000)
  from space 619520K, 0% used [0x000000076ec80000,0x000000076f1e0000,0x0000000794980000)
  to   space 593408K, 0% used [0x0000000797780000,0x0000000797780000,0x00000007bbb00000)
 ParOldGen       total 3345408K, used 3040545K [0x0000000544000000, 0x0000000610300000, 0x00000006ec000000)
  object space 3345408K, 90% used [0x0000000544000000,0x00000005fd948628,0x0000000610300000)
 Metaspace       used 411040K, capacity 472335K, committed 472528K, reserved 1423360K
  class space    used 79127K, capacity 98168K, committed 98256K, reserved 1048576K
Event: 849.431 GC heap after
Heap after GC invocations=134 (full 10):
 PSYoungGen      total 2826240K, used 7072K [0x00000006ec000000, 0x00000007bb080000, 0x00000007c0000000)
  eden space 2243584K, 0% used [0x00000006ec000000,0x00000006ec000000,0x0000000774f00000)
  from space 582656K, 1% used [0x0000000797780000,0x0000000797e68140,0x00000007bb080000)
  to   space 565760K, 0% used [0x0000000774f00000,0x0000000774f00000,0x0000000797780000)
 ParOldGen       total 3345408K, used 3041945K [0x0000000544000000, 0x0000000610300000, 0x00000006ec000000)
  object space 3345408K, 90% used [0x0000000544000000,0x00000005fdaa6628,0x0000000610300000)
 Metaspace       used 411040K, capacity 472335K, committed 472528K, reserved 1423360K
  class space    used 79127K, capacity 98168K, committed 98256K, reserved 1048576K
}
Event: 855.904 GC heap before
{Heap before GC invocations=135 (full 10):
 PSYoungGen      total 2826240K, used 2250656K [0x00000006ec000000, 0x00000007bb080000, 0x00000007c0000000)
  eden space 2243584K, 100% used [0x00000006ec000000,0x0000000774f00000,0x0000000774f00000)
  from space 582656K, 1% used [0x0000000797780000,0x0000000797e68140,0x00000007bb080000)
  to   space 565760K, 0% used [0x0000000774f00000,0x0000000774f00000,0x0000000797780000)
 ParOldGen       total 3345408K, used 3041945K [0x0000000544000000, 0x0000000610300000, 0x00000006ec000000)
  object space 3345408K, 90% used [0x0000000544000000,0x00000005fdaa6628,0x0000000610300000)
 Metaspace       used 411055K, capacity 472407K, committed 472528K, reserved 1423360K
  class space    used 79128K, capacity 98168K, committed 98256K, reserved 1048576K
Event: 856.463 GC heap after
Heap after GC invocations=135 (full 10):
 PSYoungGen      total 2809344K, used 6544K [0x00000006ec000000, 0x00000007bb980000, 0x00000007c0000000)
  eden space 2243584K, 0% used [0x00000006ec000000,0x00000006ec000000,0x0000000774f00000)
  from space 565760K, 1% used [0x0000000774f00000,0x0000000775564078,0x0000000797780000)
  to   space 538112K, 0% used [0x000000079ac00000,0x000000079ac00000,0x00000007bb980000)
 ParOldGen       total 3345408K, used 3043654K [0x0000000544000000, 0x0000000610300000, 0x00000006ec000000)
  object space 3345408K, 90% used [0x0000000544000000,0x00000005fdc51830,0x0000000610300000)
 Metaspace       used 411055K, capacity 472407K, committed 472528K, reserved 1423360K
  class space    used 79128K, capacity 98168K, committed 98256K, reserved 1048576K
}

Deoptimization events (10 events):
Event: 849.487 Thread 0x00007f97e380f000 Uncommon trap: reason=unstable_if action=reinterpret pc=0x000000011317feec method=net.minecraft.util.math.vector.Vector3i.func_218140_a(DDDZ)D @ 2
Event: 849.553 Thread 0x00007f97e380f000 Uncommon trap: reason=unstable_if action=reinterpret pc=0x0000000114303f80 method=net.minecraft.client.world.ClientWorld.func_217419_d()V @ 131
Event: 850.271 Thread 0x00007f97e380f000 Uncommon trap: reason=unstable_if action=reinterpret pc=0x0000000114ca15b8 method=net.minecraft.client.renderer.WorldRenderer.func_228426_a_(Lcom/mojang/blaze3d/matrix/MatrixStack;FJZLnet/minecraft/client/renderer/ActiveRenderInfo;Lnet/minecraft/client/re
Event: 850.313 Thread 0x00007f97e380f000 Uncommon trap: reason=unstable_if action=reinterpret pc=0x00000001144f8f00 method=net.minecraft.util.math.BlockRayTraceResult.func_216346_c()Lnet/minecraft/util/math/RayTraceResult$Type; @ 4
Event: 851.826 Thread 0x00007f97e44a1000 Uncommon trap: reason=unstable_if action=reinterpret pc=0x0000000114adcc50 method=meldexun.entityculling.CullingThread.checkVisibilityCached(Lnet/minecraft/world/World;III)Z @ 107
Event: 851.837 Thread 0x00007f97e44a1000 Uncommon trap: reason=unstable_if action=reinterpret pc=0x0000000110f61308 method=meldexun.entityculling.CullingThread.checkVisibilityCached(Lnet/minecraft/world/World;III)Z @ 107
Event: 853.845 Thread 0x00007f97e380f000 Uncommon trap: reason=class_check action=maybe_recompile pc=0x000000011147d6a4 method=net.minecraft.util.text.ITextComponent.func_230439_a_(Lnet/minecraft/util/text/ITextProperties$IStyledTextAcceptor;Lnet/minecraft/util/text/Style;)Ljava/util/Optional; @
Event: 862.862 Thread 0x00007f97e380f000 Uncommon trap: reason=unstable_if action=reinterpret pc=0x0000000112e12ff8 method=se.mickelus.mgui.gui.GuiElement.calculateFocusState(IIII)V @ 33
Event: 862.862 Thread 0x00007f97e380f000 Uncommon trap: reason=unstable_if action=reinterpret pc=0x00000001152c7520 method=se.mickelus.mgui.gui.GuiElement.calculateFocusState(IIII)V @ 33
Event: 865.354 Thread 0x00007f97e380f000 Uncommon trap: reason=class_check action=maybe_recompile pc=0x000000010f7cacc8 method=org.lwjgl.system.Pointer$Default.wrap(Ljava/lang/Class;JI)Lorg/lwjgl/system/CustomBuffer; @ 7

Internal exceptions (10 events):
Event: 847.621 Thread 0x00007f97e3bc9800 Exception <a 'sun/nio/fs/UnixException'> (0x00000007564b41e0) thrown at [/Users/java_re/workspace/8-2-build-macosx-x86_64/jdk8u74/6087/hotspot/src/share/vm/prims/jni.cpp, line 709]
Event: 847.622 Thread 0x00007f97e3bc9800 Exception <a 'sun/nio/fs/UnixException'> (0x00000007564b4bd8) thrown at [/Users/java_re/workspace/8-2-build-macosx-x86_64/jdk8u74/6087/hotspot/src/share/vm/prims/jni.cpp, line 709]
Event: 847.622 Thread 0x00007f97e3bc9800 Exception <a 'sun/nio/fs/UnixException'> (0x00000007564b55d0) thrown at [/Users/java_re/workspace/8-2-build-macosx-x86_64/jdk8u74/6087/hotspot/src/share/vm/prims/jni.cpp, line 709]
Event: 847.622 Thread 0x00007f97e3bc9800 Exception <a 'sun/nio/fs/UnixException'> (0x00000007564b5fc8) thrown at [/Users/java_re/workspace/8-2-build-macosx-x86_64/jdk8u74/6087/hotspot/src/share/vm/prims/jni.cpp, line 709]
Event: 847.622 Thread 0x00007f97e3bc9800 Exception <a 'sun/nio/fs/UnixException'> (0x00000007564b6300) thrown at [/Users/java_re/workspace/8-2-build-macosx-x86_64/jdk8u74/6087/hotspot/src/share/vm/prims/jni.cpp, line 709]
Event: 857.610 Thread 0x00007f97e3bc9800 Exception <a 'sun/nio/fs/UnixException'> (0x000000070bb2f2f8) thrown at [/Users/java_re/workspace/8-2-build-macosx-x86_64/jdk8u74/6087/hotspot/src/share/vm/prims/jni.cpp, line 709]
Event: 857.611 Thread 0x00007f97e3bc9800 Exception <a 'sun/nio/fs/UnixException'> (0x000000070bb2fcf0) thrown at [/Users/java_re/workspace/8-2-build-macosx-x86_64/jdk8u74/6087/hotspot/src/share/vm/prims/jni.cpp, line 709]
Event: 857.611 Thread 0x00007f97e3bc9800 Exception <a 'sun/nio/fs/UnixException'> (0x000000070bb306e8) thrown at [/Users/java_re/workspace/8-2-build-macosx-x86_64/jdk8u74/6087/hotspot/src/share/vm/prims/jni.cpp, line 709]
Event: 857.611 Thread 0x00007f97e3bc9800 Exception <a 'sun/nio/fs/UnixException'> (0x000000070bb310e0) thrown at [/Users/java_re/workspace/8-2-build-macosx-x86_64/jdk8u74/6087/hotspot/src/share/vm/prims/jni.cpp, line 709]
Event: 857.611 Thread 0x00007f97e3bc9800 Exception <a 'sun/nio/fs/UnixException'> (0x000000070bb31418) thrown at [/Users/java_re/workspace/8-2-build-macosx-x86_64/jdk8u74/6087/hotspot/src/share/vm/prims/jni.cpp, line 709]

Events (10 events):
Event: 864.269 Thread 0x00007f97e3841800 flushing nmethod 0x00000001148c6190
Event: 864.270 Thread 0x00007f97e3841800 flushing nmethod 0x0000000114948310
Event: 864.284 Thread 0x00007f97e3841800 flushing nmethod 0x0000000114d42ed0
Event: 864.285 Thread 0x00007f97e3841800 flushing nmethod 0x0000000114d93fd0
Event: 864.302 Thread 0x00007f97e380f000 DEOPT PACKING pc=0x00000001137405ae sp=0x00000003060aab40
Event: 864.302 Thread 0x00007f97e380f000 DEOPT UNPACKING pc=0x000000010c406233 sp=0x00000003060aa908 mode 0
Event: 865.157 Thread 0x00007f97b1aca000 Thread exited: 0x00007f97b1aca000
Event: 865.354 Thread 0x00007f97e380f000 Uncommon trap: trap_request=0xffffffde fr.pc=0x000000010f7cacc8
Event: 865.354 Thread 0x00007f97e380f000 DEOPT PACKING pc=0x000000010f7cacc8 sp=0x00000003060a6c80
Event: 865.354 Thread 0x00007f97e380f000 DEOPT UNPACKING pc=0x000000010c3c4229 sp=0x00000003060a6c38 mode 2


Dynamic libraries:
0x000000000ad20000 	/System/Library/Frameworks/Cocoa.framework/Versions/A/Cocoa
0x000000000ad20000 	/System/Library/Frameworks/AppKit.framework/Versions/C/AppKit
0x000000000ad20000 	/System/Library/Frameworks/CoreData.framework/Versions/A/CoreData
0x000000000ad20000 	/System/Library/Frameworks/Foundation.framework/Versions/C/Foundation
0x000000000ad20000 	/usr/lib/libSystem.B.dylib
0x000000000ad20000 	/System/Library/PrivateFrameworks/UIFoundation.framework/Versions/A/UIFoundation
0x000000000ad20000 	/System/Library/PrivateFrameworks/RemoteViewServices.framework/Versions/A/RemoteViewServices
0x000000000ad20000 	/System/Library/PrivateFrameworks/XCTTargetBootstrap.framework/Versions/A/XCTTargetBootstrap
0x000000000ad20000 	/System/Library/PrivateFrameworks/InternationalSupport.framework/Versions/A/InternationalSupport
0x000000000ad20000 	/System/Library/PrivateFrameworks/UserActivity.framework/Versions/A/UserActivity
0x000000000ad20000 	/usr/lib/libspindump.dylib
0x000000000ad20000 	/System/Library/Frameworks/UniformTypeIdentifiers.framework/Versions/A/UniformTypeIdentifiers
0x000000000ad20000 	/usr/lib/libapp_launch_measurement.dylib
0x000000000ad20000 	/System/Library/PrivateFrameworks/CoreAnalytics.framework/Versions/A/CoreAnalytics
0x000000000ad20000 	/System/Library/PrivateFrameworks/CoreAutoLayout.framework/Versions/A/CoreAutoLayout
0x000000000ad20000 	/System/Library/Frameworks/Metal.framework/Versions/A/Metal
0x000000000ad20000 	/usr/lib/liblangid.dylib
0x000000000ad20000 	/System/Library/PrivateFrameworks/CoreSVG.framework/Versions/A/CoreSVG
0x000000000ad20000 	/System/Library/PrivateFrameworks/SkyLight.framework/Versions/A/SkyLight
0x000000000ad20000 	/System/Library/Frameworks/CoreGraphics.framework/Versions/A/CoreGraphics
0x000000000ad20000 	/System/Library/Frameworks/Accelerate.framework/Versions/A/Accelerate
0x000000000ad20000 	/System/Library/PrivateFrameworks/IconServices.framework/Versions/A/IconServices
0x000000000ad20000 	/System/Library/Frameworks/IOSurface.framework/Versions/A/IOSurface
0x000000000ad20000 	/usr/lib/libDiagnosticMessagesClient.dylib
0x000000000ad20000 	/usr/lib/libz.1.dylib
0x000000000ad20000 	/System/Library/Frameworks/ApplicationServices.framework/Versions/A/ApplicationServices
0x000000000ad20000 	/System/Library/PrivateFrameworks/DFRFoundation.framework/Versions/A/DFRFoundation
0x000000000ad20000 	/usr/lib/libicucore.A.dylib
0x000000000ad20000 	/System/Library/Frameworks/AudioToolbox.framework/Versions/A/AudioToolbox
0x000000000ad20000 	/System/Library/PrivateFrameworks/DataDetectorsCore.framework/Versions/A/DataDetectorsCore
0x000000000ad20000 	/System/Library/PrivateFrameworks/TextInput.framework/Versions/A/TextInput
0x000000000ad20000 	/usr/lib/libMobileGestalt.dylib
0x000000000ad20000 	/System/Library/Frameworks/Carbon.framework/Versions/A/Frameworks/HIToolbox.framework/Versions/A/HIToolbox
0x000000000ad20000 	/System/Library/Frameworks/QuartzCore.framework/Versions/A/QuartzCore
0x000000000ad20000 	/System/Library/Frameworks/Security.framework/Versions/A/Security
0x000000000ad20000 	/System/Library/Frameworks/Carbon.framework/Versions/A/Frameworks/SpeechRecognition.framework/Versions/A/SpeechRecognition
0x000000000ad20000 	/System/Library/PrivateFrameworks/CoreUI.framework/Versions/A/CoreUI
0x000000000ad20000 	/System/Library/Frameworks/CoreAudio.framework/Versions/A/CoreAudio
0x000000000ad20000 	/System/Library/Frameworks/DiskArbitration.framework/Versions/A/DiskArbitration
0x000000000ad20000 	/System/Library/PrivateFrameworks/MultitouchSupport.framework/Versions/A/MultitouchSupport
0x000000000ad20000 	/usr/lib/libenergytrace.dylib
0x000000000ad20000 	/System/Library/Frameworks/IOKit.framework/Versions/A/IOKit
0x000000000ad20000 	/System/Library/Frameworks/CoreServices.framework/Versions/A/CoreServices
0x000000000ad20000 	/System/Library/PrivateFrameworks/PerformanceAnalysis.framework/Versions/A/PerformanceAnalysis
0x000000000ad20000 	/System/Library/Frameworks/OpenGL.framework/Versions/A/OpenGL
0x000000000ad20000 	/System/Library/PrivateFrameworks/MobileKeyBag.framework/Versions/A/MobileKeyBag
0x000000000ad20000 	/usr/lib/libobjc.A.dylib
0x000000000ad20000 	/System/Library/Frameworks/ColorSync.framework/Versions/A/ColorSync
0x000000000ad20000 	/System/Library/Frameworks/CoreFoundation.framework/Versions/A/CoreFoundation
0x000000000ad20000 	/System/Library/Frameworks/CoreImage.framework/Versions/A/CoreImage
0x000000000ad20000 	/System/Library/Frameworks/CoreText.framework/Versions/A/CoreText
0x000000000ad20000 	/System/Library/Frameworks/ImageIO.framework/Versions/A/ImageIO
0x000000000ad20000 	/System/Library/PrivateFrameworks/SoftLinking.framework/Versions/A/SoftLinking
0x000000000ad20000 	/usr/lib/libxml2.2.dylib
0x000000000ad20000 	/usr/lib/libc++.1.dylib
0x000000000ad20000 	/usr/lib/libcompression.dylib
0x000000000ad20000 	/System/Library/PrivateFrameworks/TextureIO.framework/Versions/A/TextureIO
0x000000000ad20000 	/usr/lib/libate.dylib
0x000000000ad20000 	/usr/lib/system/libcache.dylib
0x000000000ad20000 	/usr/lib/system/libcommonCrypto.dylib
0x000000000ad20000 	/usr/lib/system/libcompiler_rt.dylib
0x000000000ad20000 	/usr/lib/system/libcopyfile.dylib
0x000000000ad20000 	/usr/lib/system/libcorecrypto.dylib
0x000000000ad20000 	/usr/lib/system/libdispatch.dylib
0x000000000ad20000 	/usr/lib/system/libdyld.dylib
0x000000000ad20000 	/usr/lib/system/libkeymgr.dylib
0x000000000ad20000 	/usr/lib/system/libmacho.dylib
0x000000000ad20000 	/usr/lib/system/libquarantine.dylib
0x000000000ad20000 	/usr/lib/system/libremovefile.dylib
0x000000000ad20000 	/usr/lib/system/libsystem_asl.dylib
0x000000000ad20000 	/usr/lib/system/libsystem_blocks.dylib
0x000000000ad20000 	/usr/lib/system/libsystem_c.dylib
0x000000000ad20000 	/usr/lib/system/libsystem_collections.dylib
0x000000000ad20000 	/usr/lib/system/libsystem_configuration.dylib
0x000000000ad20000 	/usr/lib/system/libsystem_containermanager.dylib
0x000000000ad20000 	/usr/lib/system/libsystem_coreservices.dylib
0x000000000ad20000 	/usr/lib/system/libsystem_darwin.dylib
0x000000000ad20000 	/usr/lib/system/libsystem_dnssd.dylib
0x000000000ad20000 	/usr/lib/system/libsystem_featureflags.dylib
0x000000000ad20000 	/usr/lib/system/libsystem_info.dylib
0x000000000ad20000 	/usr/lib/system/libsystem_m.dylib
0x000000000ad20000 	/usr/lib/system/libsystem_malloc.dylib
0x000000000ad20000 	/usr/lib/system/libsystem_networkextension.dylib
0x000000000ad20000 	/usr/lib/system/libsystem_notify.dylib
0x000000000ad20000 	/usr/lib/system/libsystem_product_info_filter.dylib
0x000000000ad20000 	/usr/lib/system/libsystem_sandbox.dylib
0x000000000ad20000 	/usr/lib/system/libsystem_secinit.dylib
0x000000000ad20000 	/usr/lib/system/libsystem_kernel.dylib
0x000000000ad20000 	/usr/lib/system/libsystem_platform.dylib
0x000000000ad20000 	/usr/lib/system/libsystem_pthread.dylib
0x000000000ad20000 	/usr/lib/system/libsystem_symptoms.dylib
0x000000000ad20000 	/usr/lib/system/libsystem_trace.dylib
0x000000000ad20000 	/usr/lib/system/libunwind.dylib
0x000000000ad20000 	/usr/lib/system/libxpc.dylib
0x000000000ad20000 	/usr/lib/libc++abi.dylib
0x000000000ad20000 	/usr/lib/liboah.dylib
0x000000000ad20000 	/usr/lib/liblzma.5.dylib
0x000000000ad20000 	/System/Library/Frameworks/SystemConfiguration.framework/Versions/A/SystemConfiguration
0x000000000ad20000 	/usr/lib/libfakelink.dylib
0x000000000ad20000 	/System/Library/Frameworks/CFNetwork.framework/Versions/A/CFNetwork
0x000000000ad20000 	/usr/lib/libarchive.2.dylib
0x000000000ad20000 	/System/Library/PrivateFrameworks/AppleSystemInfo.framework/Versions/A/AppleSystemInfo
0x000000000ad20000 	/usr/lib/libbsm.0.dylib
0x000000000ad20000 	/usr/lib/libnetwork.dylib
0x000000000ad20000 	/usr/lib/system/libkxld.dylib
0x000000000ad20000 	/System/Library/PrivateFrameworks/IOMobileFramebuffer.framework/Versions/A/IOMobileFramebuffer
0x000000000ad20000 	/usr/lib/libCoreEntitlements.dylib
0x000000000ad20000 	/System/Library/PrivateFrameworks/AppleFSCompression.framework/Versions/A/AppleFSCompression
0x000000000ad20000 	/usr/lib/libcoretls.dylib
0x000000000ad20000 	/usr/lib/libcoretls_cfhelpers.dylib
0x000000000ad20000 	/usr/lib/libpam.2.dylib
0x000000000ad20000 	/usr/lib/libsqlite3.dylib
0x000000000ad20000 	/usr/lib/libxar.1.dylib
0x000000000ad20000 	/usr/lib/libbz2.1.0.dylib
0x000000000ad20000 	/usr/lib/libpcap.A.dylib
0x000000000ad20000 	/usr/lib/libdns_services.dylib
0x000000000ad20000 	/usr/lib/libapple_nghttp2.dylib
0x000000000ad20000 	/usr/lib/libiconv.2.dylib
0x000000000ad20000 	/usr/lib/libcharset.1.dylib
0x000000000ad20000 	/System/Library/Frameworks/CoreServices.framework/Versions/A/Frameworks/FSEvents.framework/Versions/A/FSEvents
0x000000000ad20000 	/System/Library/Frameworks/CoreServices.framework/Versions/A/Frameworks/CarbonCore.framework/Versions/A/CarbonCore
0x000000000ad20000 	/System/Library/Frameworks/CoreServices.framework/Versions/A/Frameworks/Metadata.framework/Versions/A/Metadata
0x000000000ad20000 	/System/Library/Frameworks/CoreServices.framework/Versions/A/Frameworks/OSServices.framework/Versions/A/OSServices
0x000000000ad20000 	/System/Library/Frameworks/CoreServices.framework/Versions/A/Frameworks/SearchKit.framework/Versions/A/SearchKit
0x000000000ad20000 	/System/Library/Frameworks/CoreServices.framework/Versions/A/Frameworks/AE.framework/Versions/A/AE
0x000000000ad20000 	/System/Library/Frameworks/CoreServices.framework/Versions/A/Frameworks/LaunchServices.framework/Versions/A/LaunchServices
0x000000000ad20000 	/System/Library/Frameworks/CoreServices.framework/Versions/A/Frameworks/DictionaryServices.framework/Versions/A/DictionaryServices
0x000000000ad20000 	/System/Library/Frameworks/CoreServices.framework/Versions/A/Frameworks/SharedFileList.framework/Versions/A/SharedFileList
0x000000000ad20000 	/usr/lib/libCheckFix.dylib
0x000000000ad20000 	/System/Library/PrivateFrameworks/TCC.framework/Versions/A/TCC
0x000000000ad20000 	/System/Library/PrivateFrameworks/CoreNLP.framework/Versions/A/CoreNLP
0x000000000ad20000 	/System/Library/PrivateFrameworks/MetadataUtilities.framework/Versions/A/MetadataUtilities
0x000000000ad20000 	/usr/lib/libmecabra.dylib
0x000000000ad20000 	/usr/lib/libmecab.dylib
0x000000000ad20000 	/usr/lib/libCRFSuite.dylib
0x000000000ad20000 	/usr/lib/libgermantok.dylib
0x000000000ad20000 	/usr/lib/libThaiTokenizer.dylib
0x000000000ad20000 	/System/Library/Frameworks/Accelerate.framework/Versions/A/Frameworks/vImage.framework/Versions/A/vImage
0x000000000ad20000 	/System/Library/Frameworks/Accelerate.framework/Versions/A/Frameworks/vecLib.framework/Versions/A/vecLib
0x000000000ad20000 	/System/Library/Frameworks/Accelerate.framework/Versions/A/Frameworks/vecLib.framework/Versions/A/libvMisc.dylib
0x000000000ad20000 	/System/Library/Frameworks/Accelerate.framework/Versions/A/Frameworks/vecLib.framework/Versions/A/libvDSP.dylib
0x000000000ad20000 	/System/Library/Frameworks/Accelerate.framework/Versions/A/Frameworks/vecLib.framework/Versions/A/libBLAS.dylib
0x000000000ad20000 	/System/Library/Frameworks/Accelerate.framework/Versions/A/Frameworks/vecLib.framework/Versions/A/libLAPACK.dylib
0x000000000ad20000 	/System/Library/Frameworks/Accelerate.framework/Versions/A/Frameworks/vecLib.framework/Versions/A/libLinearAlgebra.dylib
0x000000000ad20000 	/System/Library/Frameworks/Accelerate.framework/Versions/A/Frameworks/vecLib.framework/Versions/A/libSparseBLAS.dylib
0x000000000ad20000 	/System/Library/Frameworks/Accelerate.framework/Versions/A/Frameworks/vecLib.framework/Versions/A/libQuadrature.dylib
0x000000000ad20000 	/System/Library/Frameworks/Accelerate.framework/Versions/A/Frameworks/vecLib.framework/Versions/A/libBNNS.dylib
0x000000000ad20000 	/System/Library/Frameworks/Accelerate.framework/Versions/A/Frameworks/vecLib.framework/Versions/A/libSparse.dylib
0x000000000ad20000 	/System/Library/PrivateFrameworks/LinguisticData.framework/Versions/A/LinguisticData
0x000000000ad20000 	/System/Library/PrivateFrameworks/Lexicon.framework/Versions/A/Lexicon
0x000000000ad20000 	/usr/lib/libChineseTokenizer.dylib
0x000000000ad20000 	/System/Library/PrivateFrameworks/LanguageModeling.framework/Versions/A/LanguageModeling
0x000000000ad20000 	/System/Library/PrivateFrameworks/AppleSauce.framework/Versions/A/AppleSauce
0x000000000ad20000 	/System/Library/PrivateFrameworks/CoreEmoji.framework/Versions/A/CoreEmoji
0x000000000ad20000 	/usr/lib/libcmph.dylib
0x000000000ad20000 	/System/Library/Frameworks/OpenDirectory.framework/Versions/A/Frameworks/CFOpenDirectory.framework/Versions/A/CFOpenDirectory
0x000000000ad20000 	/System/Library/Frameworks/OpenDirectory.framework/Versions/A/OpenDirectory
0x000000000ad20000 	/System/Library/PrivateFrameworks/APFS.framework/Versions/A/APFS
0x000000000ad20000 	/System/Library/Frameworks/SecurityFoundation.framework/Versions/A/SecurityFoundation
0x000000000ad20000 	/usr/lib/libutil.dylib
0x000000000ad20000 	/System/Library/PrivateFrameworks/CoreServicesStore.framework/Versions/A/CoreServicesStore
0x000000000ad20000 	/usr/lib/libxslt.1.dylib
0x000000000ad20000 	/System/Library/PrivateFrameworks/BackgroundTaskManagement.framework/Versions/A/BackgroundTaskManagement
0x000000000ad20000 	/System/Library/Frameworks/ImageIO.framework/Versions/A/Resources/libRadiance.dylib
0x000000000ad20000 	/System/Library/Frameworks/ImageIO.framework/Versions/A/Resources/libJPEG.dylib
0x000000000ad20000 	/System/Library/Frameworks/ImageIO.framework/Versions/A/Resources/libPng.dylib
0x000000000ad20000 	/System/Library/Frameworks/ImageIO.framework/Versions/A/Resources/libTIFF.dylib
0x000000000ad20000 	/System/Library/Frameworks/ImageIO.framework/Versions/A/Resources/libGIF.dylib
0x000000000ad20000 	/System/Library/Frameworks/ImageIO.framework/Versions/A/Resources/libJP2.dylib
0x000000000ad20000 	/usr/lib/libexpat.1.dylib
0x000000000ad20000 	/System/Library/PrivateFrameworks/AppleJPEG.framework/Versions/A/AppleJPEG
0x000000000ad20000 	/System/Library/PrivateFrameworks/FontServices.framework/libFontParser.dylib
0x000000000ad20000 	/System/Library/PrivateFrameworks/RunningBoardServices.framework/Versions/A/RunningBoardServices
0x000000000ad20000 	/System/Library/PrivateFrameworks/IOSurfaceAccelerator.framework/Versions/A/IOSurfaceAccelerator
0x000000000ad20000 	/System/Library/PrivateFrameworks/WatchdogClient.framework/Versions/A/WatchdogClient
0x000000000ad20000 	/System/Library/Frameworks/CoreDisplay.framework/Versions/A/CoreDisplay
0x000000000ad20000 	/System/Library/Frameworks/CoreMedia.framework/Versions/A/CoreMedia
0x000000000ad20000 	/System/Library/PrivateFrameworks/IOAccelerator.framework/Versions/A/IOAccelerator
0x000000000ad20000 	/System/Library/Frameworks/CoreVideo.framework/Versions/A/CoreVideo
0x000000000ad20000 	/System/Library/Frameworks/MetalPerformanceShaders.framework/Versions/A/MetalPerformanceShaders
0x000000000ad20000 	/System/Library/Frameworks/VideoToolbox.framework/Versions/A/VideoToolbox
0x000000000ad20000 	/System/Library/PrivateFrameworks/BaseBoard.framework/Versions/A/BaseBoard
0x000000000ad20000 	/System/Library/PrivateFrameworks/ProtocolBuffer.framework/Versions/A/ProtocolBuffer
0x000000000ad20000 	/System/Library/PrivateFrameworks/GPUWrangler.framework/Versions/A/GPUWrangler
0x000000000ad20000 	/System/Library/PrivateFrameworks/IOPresentment.framework/Versions/A/IOPresentment
0x000000000ad20000 	/System/Library/PrivateFrameworks/DSExternalDisplay.framework/Versions/A/DSExternalDisplay
0x000000000ad20000 	/System/Library/Frameworks/OpenGL.framework/Versions/A/Libraries/libCoreFSCache.dylib
0x000000000ad20000 	/System/Library/PrivateFrameworks/GPUCompiler.framework/Versions/31001/Libraries/libGPUCompilerUtils.dylib
0x000000000ad20000 	/System/Library/PrivateFrameworks/CMCaptureCore.framework/Versions/A/CMCaptureCore
0x000000000ad20000 	/System/Library/PrivateFrameworks/AppServerSupport.framework/Versions/A/AppServerSupport
0x000000000ad20000 	/System/Library/PrivateFrameworks/perfdata.framework/Versions/A/perfdata
0x000000000ad20000 	/System/Library/PrivateFrameworks/AudioToolboxCore.framework/Versions/A/AudioToolboxCore
0x000000000ad20000 	/System/Library/PrivateFrameworks/caulk.framework/Versions/A/caulk
0x000000000ad20000 	/usr/lib/libAudioStatistics.dylib
0x000000000ad20000 	/System/Library/PrivateFrameworks/SystemPolicy.framework/Versions/A/SystemPolicy
0x000000000ad20000 	/usr/lib/libSMC.dylib
0x000000000ad20000 	/System/Library/Frameworks/CoreMIDI.framework/Versions/A/CoreMIDI
0x000000000ad20000 	/usr/lib/libAudioToolboxUtility.dylib
0x000000000ad20000 	/System/Library/PrivateFrameworks/OSAServicesClient.framework/Versions/A/OSAServicesClient
0x000000000ad20000 	/usr/lib/libperfcheck.dylib
0x000000000ad20000 	/usr/lib/libmis.dylib
0x000000000ad20000 	/System/Library/Frameworks/OpenGL.framework/Versions/A/Libraries/libGLU.dylib
0x000000000ad20000 	/System/Library/Frameworks/OpenGL.framework/Versions/A/Libraries/libGFXShared.dylib
0x000000000ad20000 	/System/Library/Frameworks/OpenGL.framework/Versions/A/Libraries/libGL.dylib
0x000000000ad20000 	/System/Library/Frameworks/OpenGL.framework/Versions/A/Libraries/libGLImage.dylib
0x000000000ad20000 	/System/Library/Frameworks/OpenGL.framework/Versions/A/Libraries/libCVMSPluginSupport.dylib
0x000000000ad20000 	/System/Library/Frameworks/OpenGL.framework/Versions/A/Libraries/libCoreVMClient.dylib
0x000000000ad20000 	/System/Library/Frameworks/MetalPerformanceShaders.framework/Versions/A/Frameworks/MPSCore.framework/Versions/A/MPSCore
0x000000000ad20000 	/System/Library/Frameworks/MetalPerformanceShaders.framework/Versions/A/Frameworks/MPSImage.framework/Versions/A/MPSImage
0x000000000ad20000 	/System/Library/Frameworks/MetalPerformanceShaders.framework/Versions/A/Frameworks/MPSNeuralNetwork.framework/Versions/A/MPSNeuralNetwork
0x000000000ad20000 	/System/Library/Frameworks/MetalPerformanceShaders.framework/Versions/A/Frameworks/MPSMatrix.framework/Versions/A/MPSMatrix
0x000000000ad20000 	/System/Library/Frameworks/MetalPerformanceShaders.framework/Versions/A/Frameworks/MPSRayIntersector.framework/Versions/A/MPSRayIntersector
0x000000000ad20000 	/System/Library/Frameworks/MetalPerformanceShaders.framework/Versions/A/Frameworks/MPSNDArray.framework/Versions/A/MPSNDArray
0x000000000ad20000 	/System/Library/Frameworks/MetalPerformanceShaders.framework/Versions/A/Frameworks/MPSFunctions.framework/Versions/A/MPSFunctions
0x000000000ad20000 	/System/Library/PrivateFrameworks/MetalTools.framework/Versions/A/MetalTools
0x000000000ad20000 	/System/Library/PrivateFrameworks/AggregateDictionary.framework/Versions/A/AggregateDictionary
0x000000000ad20000 	/usr/lib/libIOReport.dylib
0x000000000ad20000 	/System/Library/Frameworks/OpenCL.framework/Versions/A/OpenCL
0x000000000ad20000 	/System/Library/PrivateFrameworks/FaceCore.framework/Versions/A/FaceCore
0x000000000ad20000 	/System/Library/PrivateFrameworks/GraphVisualizer.framework/Versions/A/GraphVisualizer
0x000000000ad20000 	/System/Library/PrivateFrameworks/FontServices.framework/Versions/A/FontServices
0x000000000ad20000 	/System/Library/PrivateFrameworks/OTSVG.framework/Versions/A/OTSVG
0x000000000ad20000 	/System/Library/Frameworks/ApplicationServices.framework/Versions/A/Frameworks/ATS.framework/Versions/A/Resources/libFontRegistry.dylib
0x000000000ad20000 	/System/Library/PrivateFrameworks/FontServices.framework/libhvf.dylib
0x000000000ad20000 	/System/Library/PrivateFrameworks/FontServices.framework/libXTFontStaticRegistryData.dylib
0x000000000ad20000 	/System/Library/PrivateFrameworks/AppleVA.framework/Versions/A/AppleVA
0x000000000ad20000 	/System/Library/Frameworks/ApplicationServices.framework/Versions/A/Frameworks/ATS.framework/Versions/A/ATS
0x000000000ad20000 	/System/Library/Frameworks/ApplicationServices.framework/Versions/A/Frameworks/HIServices.framework/Versions/A/HIServices
0x000000000ad20000 	/System/Library/Frameworks/ApplicationServices.framework/Versions/A/Frameworks/PrintCore.framework/Versions/A/PrintCore
0x000000000ad20000 	/System/Library/Frameworks/ApplicationServices.framework/Versions/A/Frameworks/QD.framework/Versions/A/QD
0x000000000ad20000 	/System/Library/Frameworks/ApplicationServices.framework/Versions/A/Frameworks/ColorSyncLegacy.framework/Versions/A/ColorSyncLegacy
0x000000000ad20000 	/System/Library/Frameworks/ApplicationServices.framework/Versions/A/Frameworks/SpeechSynthesis.framework/Versions/A/SpeechSynthesis
0x000000000ad20000 	/System/Library/Frameworks/ApplicationServices.framework/Versions/A/Frameworks/ATSUI.framework/Versions/A/ATSUI
0x000000000ad20000 	/usr/lib/libcups.2.dylib
0x000000000ad20000 	/System/Library/Frameworks/Kerberos.framework/Versions/A/Kerberos
0x000000000ad20000 	/System/Library/Frameworks/GSS.framework/Versions/A/GSS
0x000000000ad20000 	/usr/lib/libresolv.9.dylib
0x000000000ad20000 	/System/Library/PrivateFrameworks/Heimdal.framework/Versions/A/Heimdal
0x000000000ad20000 	/System/Library/Frameworks/Kerberos.framework/Versions/A/Libraries/libHeimdalProxy.dylib
0x000000000ad20000 	/System/Library/Frameworks/Network.framework/Versions/A/Network
0x000000000ad20000 	/usr/lib/libheimdal-asn1.dylib
0x000000000ad20000 	/System/Library/PrivateFrameworks/CommonAuth.framework/Versions/A/CommonAuth
0x000000000ad20000 	/System/Library/PrivateFrameworks/AudioSession.framework/Versions/A/AudioSession
0x000000000ad20000 	/System/Library/PrivateFrameworks/MediaExperience.framework/Versions/A/MediaExperience
0x000000000ad20000 	/System/Library/PrivateFrameworks/AudioSession.framework/libSessionUtility.dylib
0x000000000ad20000 	/System/Library/PrivateFrameworks/AudioResourceArbitration.framework/Versions/A/AudioResourceArbitration
0x000000000ad20000 	/System/Library/PrivateFrameworks/PowerLog.framework/Versions/A/PowerLog
0x000000000ad20000 	/System/Library/PrivateFrameworks/IconFoundation.framework/Versions/A/IconFoundation
0x000000000ad20000 	/System/Library/PrivateFrameworks/SpeechRecognitionCore.framework/Versions/A/SpeechRecognitionCore
0x000000010a55c000 	/Users/kevinfrench/Documents/curseforge/minecraft/Install/runtime/jre-legacy/mac-os/jre-legacy/jre.bundle/Contents/Home/lib/server/libjvm.dylib
0x000000000ad20000 	/usr/lib/libstdc++.6.dylib
0x000000010961f000 	/Users/kevinfrench/Documents/curseforge/minecraft/Install/runtime/jre-legacy/mac-os/jre-legacy/jre.bundle/Contents/Home/lib/libverify.dylib
0x0000000109673000 	/Users/kevinfrench/Documents/curseforge/minecraft/Install/runtime/jre-legacy/mac-os/jre-legacy/jre.bundle/Contents/Home/lib/libjava.dylib
0x000000010964f000 	/Users/kevinfrench/Documents/curseforge/minecraft/Install/runtime/jre-legacy/mac-os/jre-legacy/jre.bundle/Contents/Home/lib/libzip.dylib
0x000000000ad20000 	/System/Library/Frameworks/JavaRuntimeSupport.framework/Versions/A/JavaRuntimeSupport
0x000000000ad20000 	/System/Library/Frameworks/Carbon.framework/Versions/A/Carbon
0x000000000ad20000 	/System/Library/PrivateFrameworks/CoreSymbolication.framework/Versions/A/CoreSymbolication
0x000000000ad20000 	/System/Library/Frameworks/Carbon.framework/Versions/A/Frameworks/CommonPanels.framework/Versions/A/CommonPanels
0x000000000ad20000 	/System/Library/Frameworks/Carbon.framework/Versions/A/Frameworks/Help.framework/Versions/A/Help
0x000000000ad20000 	/System/Library/Frameworks/Carbon.framework/Versions/A/Frameworks/ImageCapture.framework/Versions/A/ImageCapture
0x000000000ad20000 	/System/Library/Frameworks/Carbon.framework/Versions/A/Frameworks/OpenScripting.framework/Versions/A/OpenScripting
0x000000000ad20000 	/System/Library/Frameworks/Carbon.framework/Versions/A/Frameworks/Ink.framework/Versions/A/Ink
0x000000000ad20000 	/System/Library/Frameworks/Carbon.framework/Versions/A/Frameworks/Print.framework/Versions/A/Print
0x000000000ad20000 	/System/Library/Frameworks/Carbon.framework/Versions/A/Frameworks/SecurityHI.framework/Versions/A/SecurityHI
0x000000000ad20000 	/System/Library/PrivateFrameworks/DebugSymbols.framework/Versions/A/DebugSymbols
0x0000000134c27000 	/Users/kevinfrench/Documents/curseforge/minecraft/Install/runtime/jre-legacy/mac-os/jre-legacy/jre.bundle/Contents/Home/lib/libmanagement.dylib
0x0000000134f5a000 	/Users/kevinfrench/Documents/curseforge/minecraft/Install/runtime/jre-legacy/mac-os/jre-legacy/jre.bundle/Contents/Home/lib/libnet.dylib
0x000000013504c000 	/Users/kevinfrench/Documents/curseforge/minecraft/Install/runtime/jre-legacy/mac-os/jre-legacy/jre.bundle/Contents/Home/lib/libnio.dylib
0x00000001356c0000 	/Users/kevinfrench/Documents/curseforge/minecraft/Install/runtime/jre-legacy/mac-os/jre-legacy/jre.bundle/Contents/Home/lib/libsunec.dylib
0x0000000135a68000 	/Users/kevinfrench/Documents/curseforge/minecraft/Install/bin/44f7-834b-55b5-1c73/liblwjgl.dylib
0x0000000135b23000 	/Users/kevinfrench/Documents/curseforge/minecraft/Install/bin/44f7-834b-55b5-1c73/libjemalloc.dylib
0x0000000136400000 	/Users/kevinfrench/Documents/curseforge/minecraft/Install/bin/44f7-834b-55b5-1c73/libglfw.dylib
0x000000000ad20000 	/System/Library/PrivateFrameworks/CoreServicesInternal.framework/Versions/A/CoreServicesInternal
0x000000000ad20000 	/System/Library/Frameworks/FileProvider.framework/Versions/A/FileProvider
0x000000000ad20000 	/System/Library/Frameworks/Accounts.framework/Versions/A/Accounts
0x000000000ad20000 	/System/Library/PrivateFrameworks/GenerationalStorage.framework/Versions/A/GenerationalStorage
0x000000000ad20000 	/System/Library/PrivateFrameworks/SymptomDiagnosticReporter.framework/Versions/A/SymptomDiagnosticReporter
0x000000000ad20000 	/System/Library/PrivateFrameworks/DesktopServicesPriv.framework/Versions/A/DesktopServicesPriv
0x000000000ad20000 	/usr/lib/libsandbox.1.dylib
0x000000000ad20000 	/System/Library/PrivateFrameworks/UserManagement.framework/Versions/A/UserManagement
0x000000000ad20000 	/System/Library/PrivateFrameworks/NetAuth.framework/Versions/A/NetAuth
0x000000000ad20000 	/System/Library/PrivateFrameworks/Sharing.framework/Versions/A/Sharing
0x000000000ad20000 	/System/Library/PrivateFrameworks/login.framework/Versions/A/Frameworks/loginsupport.framework/Versions/A/loginsupport
0x000000000ad20000 	/System/Library/PrivateFrameworks/Apple80211.framework/Versions/A/Apple80211
0x000000000ad20000 	/System/Library/PrivateFrameworks/AuthKit.framework/Versions/A/AuthKit
0x000000000ad20000 	/System/Library/PrivateFrameworks/CoreUtils.framework/Versions/A/CoreUtils
0x000000000ad20000 	/System/Library/Frameworks/CoreWLAN.framework/Versions/A/CoreWLAN
0x000000000ad20000 	/System/Library/Frameworks/IOBluetooth.framework/Versions/A/IOBluetooth
0x000000000ad20000 	/System/Library/PrivateFrameworks/CoreWiFi.framework/Versions/A/CoreWiFi
0x000000000ad20000 	/System/Library/PrivateFrameworks/FrontBoardServices.framework/Versions/A/FrontBoardServices
0x000000000ad20000 	/System/Library/PrivateFrameworks/BoardServices.framework/Versions/A/BoardServices
0x000000000ad20000 	/System/Library/PrivateFrameworks/AssertionServices.framework/Versions/A/AssertionServices
0x000000000ad20000 	/System/Library/PrivateFrameworks/BackBoardServices.framework/Versions/A/BackBoardServices
0x000000000ad20000 	/System/Library/PrivateFrameworks/CorePhoneNumbers.framework/Versions/A/CorePhoneNumbers
0x000000000ad20000 	/System/Library/PrivateFrameworks/MultiverseSupport.framework/Versions/A/MultiverseSupport
0x000000000ad20000 	/System/Library/PrivateFrameworks/RemoteServiceDiscovery.framework/Versions/A/RemoteServiceDiscovery
0x000000000ad20000 	/System/Library/PrivateFrameworks/DiskManagement.framework/Versions/A/DiskManagement
0x000000000ad20000 	/System/Library/PrivateFrameworks/AppleIDAuthSupport.framework/Versions/A/AppleIDAuthSupport
0x000000000ad20000 	/System/Library/PrivateFrameworks/AAAFoundation.framework/Versions/A/AAAFoundation
0x000000000ad20000 	/System/Library/PrivateFrameworks/KeychainCircle.framework/Versions/A/KeychainCircle
0x000000000ad20000 	/System/Library/PrivateFrameworks/RemoteXPC.framework/Versions/A/RemoteXPC
0x000000000ad20000 	/System/Library/PrivateFrameworks/MediaKit.framework/Versions/A/MediaKit
0x000000000ad20000 	/System/Library/Frameworks/DiscRecording.framework/Versions/A/DiscRecording
0x000000000ad20000 	/usr/lib/libCoreStorage.dylib
0x000000000ad20000 	/usr/lib/libcsfde.dylib
0x000000000ad20000 	/System/Library/PrivateFrameworks/ProtectedCloudStorage.framework/Versions/A/ProtectedCloudStorage
0x000000000ad20000 	/System/Library/PrivateFrameworks/EFILogin.framework/Versions/A/EFILogin
0x000000000ad20000 	/System/Library/PrivateFrameworks/OctagonTrust.framework/Versions/A/OctagonTrust
0x000000000ad20000 	/System/Library/PrivateFrameworks/CoreUtilsExtras.framework/Versions/A/CoreUtilsExtras
0x000000000ad20000 	/System/Library/Frameworks/CoreBluetooth.framework/Versions/A/CoreBluetooth
0x000000000ad20000 	/System/Library/Frameworks/AudioUnit.framework/Versions/A/AudioUnit
0x000000000ad20000 	/usr/lib/libMatch.1.dylib
0x000000000ad20000 	/System/Library/PrivateFrameworks/FamilyControls.framework/Versions/A/FamilyControls
0x000000000ad20000 	/System/Library/PrivateFrameworks/CommerceKit.framework/Versions/A/Frameworks/CommerceCore.framework/Versions/A/CommerceCore
0x000000000ad20000 	/System/Library/PrivateFrameworks/SystemAdministration.framework/Versions/A/SystemAdministration
0x000000000ad20000 	/System/Library/PrivateFrameworks/AppContainer.framework/Versions/A/AppContainer
0x000000000ad20000 	/System/Library/PrivateFrameworks/SecCodeWrapper.framework/Versions/A/SecCodeWrapper
0x000000000ad20000 	/System/Library/PrivateFrameworks/CrashReporterSupport.framework/Versions/A/CrashReporterSupport
0x000000000ad20000 	/System/Library/PrivateFrameworks/OSAnalytics.framework/Versions/A/OSAnalytics
0x000000000ad20000 	/System/Library/PrivateFrameworks/Symbolication.framework/Versions/A/Symbolication
0x000000000ad20000 	/System/Library/PrivateFrameworks/MallocStackLogging.framework/Versions/A/MallocStackLogging
0x000000000ad20000 	/System/Library/PrivateFrameworks/login.framework/Versions/A/login
0x000000000ad20000 	/System/Library/Frameworks/MediaToolbox.framework/Versions/A/MediaToolbox
0x000000000ad20000 	/System/Library/Frameworks/DirectoryService.framework/Versions/A/DirectoryService
0x000000000ad20000 	/System/Library/PrivateFrameworks/DiskImages.framework/Versions/A/DiskImages
0x000000000ad20000 	/System/Library/Frameworks/ServiceManagement.framework/Versions/A/ServiceManagement
0x000000000ad20000 	/System/Library/PrivateFrameworks/LoginUIKit.framework/Versions/A/Frameworks/LoginUICore.framework/Versions/A/LoginUICore
0x000000000ad20000 	/usr/lib/libodfde.dylib
0x000000000ad20000 	/System/Library/PrivateFrameworks/CoreAVCHD.framework/Versions/A/CoreAVCHD
0x000000000ad20000 	/System/Library/Frameworks/MediaAccessibility.framework/Versions/A/MediaAccessibility
0x000000000ad20000 	/System/Library/PrivateFrameworks/Mangrove.framework/Versions/A/Mangrove
0x000000000ad20000 	/System/Library/PrivateFrameworks/AlgosScoreFramework.framework/Versions/A/AlgosScoreFramework
0x000000000ad20000 	/System/Library/PrivateFrameworks/CMPhoto.framework/Versions/A/CMPhoto
0x000000000ad20000 	/System/Library/PrivateFrameworks/AppleVPA.framework/Versions/A/AppleVPA
0x000000000ad20000 	/System/Library/PrivateFrameworks/CoreAUC.framework/Versions/A/CoreAUC
0x000000000ad20000 	/usr/lib/libcurl.4.dylib
0x000000000ad20000 	/usr/lib/libcrypto.46.dylib
0x000000000ad20000 	/usr/lib/libssl.48.dylib
0x000000000ad20000 	/System/Library/Frameworks/LDAP.framework/Versions/A/LDAP
0x000000000ad20000 	/System/Library/PrivateFrameworks/TrustEvaluationAgent.framework/Versions/A/TrustEvaluationAgent
0x000000000ad20000 	/usr/lib/libsasl2.2.dylib
0x000000000ad20000 	/System/Library/PrivateFrameworks/CoreDaemon.framework/Versions/B/CoreDaemon
0x000000000ad20000 	/System/Library/PrivateFrameworks/AppleSRP.framework/Versions/A/AppleSRP
0x000000000ad20000 	/System/Library/PrivateFrameworks/ViewBridge.framework/Versions/A/ViewBridge
0x00000001347a8000 	/usr/lib/libobjc-trampolines.dylib
0x000000000ad20000 	/System/Library/Frameworks/Accelerate.framework/Versions/A/Frameworks/vImage.framework/Versions/A/Libraries/libCGInterfaces.dylib
0x000000000ad20000 	/System/Library/Frameworks/OpenGL.framework/Versions/A/Resources/GLEngine.bundle/GLEngine
0x000000000ad20000 	/System/Library/Frameworks/OpenGL.framework/Versions/A/Libraries/libGLProgrammability.dylib
0x00000001389b9000 	/System/Library/Extensions/AppleMetalOpenGLRenderer.bundle/Contents/MacOS/AppleMetalOpenGLRenderer
0x000000000ad20000 	/System/Library/Frameworks/OpenGL.framework/Versions/A/Resources/GLRendererFloat.bundle/GLRendererFloat
0x000000000ad20000 	/System/Library/Extensions/AGXMetalG13X.bundle/Contents/MacOS/AGXMetalG13X
0x000000000ad20000 	/System/Library/PrivateFrameworks/GPURawCounter.framework/Versions/A/GPURawCounter
0x000000000ad20000 	/System/Library/PrivateFrameworks/IOGPU.framework/Versions/A/IOGPU
0x000000013b135000 	/Users/kevinfrench/Documents/curseforge/minecraft/Install/bin/44f7-834b-55b5-1c73/liblwjgl_opengl.dylib
0x000000013cb06000 	/Users/kevinfrench/Documents/curseforge/minecraft/Install/bin/44f7-834b-55b5-1c73/liblwjgl_stb.dylib
0x000000000ad20000 	/usr/lib/libRosetta.dylib
0x000000000ad20000 	/System/Library/PrivateFrameworks/AccessibilityBundles.framework/Versions/A/AccessibilityBundles
0x00000001483bb000 	/Users/kevinfrench/Documents/curseforge/minecraft/Install/runtime/jre-legacy/mac-os/jre-legacy/jre.bundle/Contents/Home/lib/libawt.dylib
0x00000001485d8000 	/Users/kevinfrench/Documents/curseforge/minecraft/Install/runtime/jre-legacy/mac-os/jre-legacy/jre.bundle/Contents/Home/lib/libmlib_image.dylib
0x000000000ad20000 	/System/Library/Frameworks/JavaNativeFoundation.framework/Versions/A/JavaNativeFoundation
0x0000000148960000 	/Users/kevinfrench/Documents/curseforge/minecraft/Install/runtime/jre-legacy/mac-os/jre-legacy/jre.bundle/Contents/Home/lib/libawt_lwawt.dylib
0x000000013a1a8000 	/Users/kevinfrench/Documents/curseforge/minecraft/Install/runtime/jre-legacy/mac-os/jre-legacy/jre.bundle/Contents/Home/lib/libosxapp.dylib
0x000000000ad20000 	/System/Library/Frameworks/ExceptionHandling.framework/Versions/A/ExceptionHandling
0x0000000148334000 	/private/var/folders/jb/th561p057sjgv0kyjs_sl5qw0000gn/T/jna--18302629/jna7575807338526805440.tmp
0x000000000ad20000 	/System/Library/Frameworks/JavaVM.framework/Versions/A/JavaVM
0x000000013ecc3000 	/private/var/folders/jb/th561p057sjgv0kyjs_sl5qw0000gn/T/libjcocoa3080981438659484356.dylib
0x0000000180e3b000 	/Users/kevinfrench/Documents/curseforge/minecraft/Install/bin/44f7-834b-55b5-1c73/libopenal.dylib
0x00000001933dc000 	/System/Library/Components/CoreAudio.component/Contents/MacOS/CoreAudio
0x000000000ad20000 	/System/Library/PrivateFrameworks/SidecarUI.framework/Versions/A/SidecarUI
0x000000000ad20000 	/System/Library/PrivateFrameworks/SidecarCore.framework/Versions/A/SidecarCore
0x000000000ad20000 	/System/Library/PrivateFrameworks/VoiceShortcutClient.framework/Versions/A/VoiceShortcutClient
0x000000000ad20000 	/System/Library/PrivateFrameworks/AppSupport.framework/Versions/A/AppSupport
0x000000000ad20000 	/System/Library/PrivateFrameworks/IntentsFoundation.framework/Versions/A/IntentsFoundation
0x000000000ad20000 	/System/Library/Frameworks/CoreSpotlight.framework/Versions/A/CoreSpotlight
0x000000000ad20000 	/System/Library/PrivateFrameworks/CoreDuetContext.framework/Versions/A/CoreDuetContext
0x000000000ad20000 	/System/Library/PrivateFrameworks/CoreDuet.framework/Versions/A/CoreDuet
0x000000000ad20000 	/System/Library/Frameworks/Intents.framework/Versions/A/Intents
0x000000000ad20000 	/System/Library/PrivateFrameworks/PlugInKit.framework/Versions/A/PlugInKit
0x000000000ad20000 	/System/Library/PrivateFrameworks/ProactiveSupport.framework/Versions/A/ProactiveSupport
0x000000000ad20000 	/System/Library/Frameworks/CoreLocation.framework/Versions/A/CoreLocation
0x000000000ad20000 	/System/Library/PrivateFrameworks/MobileAsset.framework/Versions/A/MobileAsset
0x000000000ad20000 	/System/Library/PrivateFrameworks/InternationalTextSearch.framework/Versions/A/InternationalTextSearch
0x000000000ad20000 	/System/Library/PrivateFrameworks/RTCReporting.framework/Versions/A/RTCReporting
0x000000000ad20000 	/System/Library/PrivateFrameworks/StreamingZip.framework/Versions/A/StreamingZip
0x000000000ad20000 	/System/Library/PrivateFrameworks/GeoServices.framework/Versions/A/GeoServices
0x000000000ad20000 	/System/Library/PrivateFrameworks/LocationSupport.framework/Versions/A/LocationSupport
0x000000000ad20000 	/System/Library/PrivateFrameworks/GeoServicesCore.framework/Versions/A/GeoServicesCore
0x000000000ad20000 	/System/Library/PrivateFrameworks/PhoneNumbers.framework/Versions/A/PhoneNumbers
0x000000000ad20000 	/System/Library/Frameworks/CoreTelephony.framework/Versions/A/CoreTelephony
0x000000000ad20000 	/System/Library/PrivateFrameworks/CoreDuetDebugLogging.framework/Versions/A/CoreDuetDebugLogging
0x000000000ad20000 	/System/Library/PrivateFrameworks/ApplePushService.framework/Versions/A/ApplePushService
0x000000000ad20000 	/System/Library/Frameworks/CloudKit.framework/Versions/A/CloudKit
0x000000000ad20000 	/System/Library/PrivateFrameworks/CoreDuetDaemonProtocol.framework/Versions/A/CoreDuetDaemonProtocol
0x000000000ad20000 	/System/Library/PrivateFrameworks/Rapport.framework/Versions/A/Rapport
0x000000000ad20000 	/System/Library/PrivateFrameworks/CommonUtilities.framework/Versions/A/CommonUtilities
0x000000000ad20000 	/usr/lib/libTelephonyUtilDynamic.dylib
0x000000000ad20000 	/System/Library/PrivateFrameworks/Bom.framework/Versions/A/Bom
0x000000000ad20000 	/usr/lib/libParallelCompression.dylib
0x000000000ad20000 	/System/Library/PrivateFrameworks/C2.framework/Versions/A/C2
0x000000000ad20000 	/System/Library/PrivateFrameworks/CloudKitDistributedSync.framework/Versions/A/CloudKitDistributedSync
0x000000000ad20000 	/System/Library/Frameworks/PushKit.framework/Versions/A/PushKit
0x000000000ad20000 	/System/Library/PrivateFrameworks/CoreTime.framework/Versions/A/CoreTime

VM Arguments:
jvm_args: -Djava.library.path=/Users/kevinfrench/Documents/curseforge/minecraft/Install/bin/44f7-834b-55b5-1c73 -Dminecraft.launcher.brand=minecraft-launcher -Dminecraft.launcher.version=2.3.240 -Xmx10176m -Xms256m -Dfml.ignorePatchDiscrepancies=true -Dfml.ignoreInvalidMinecraftCertificates=true -Duser.language=en -Duser.country=US -Dlog4j.configurationFile=/Users/kevinfrench/Documents/curseforge/minecraft/Install/assets/log_configs/client-1.12.xml 
java_command: cpw.mods.modlauncher.Launcher --username Piisceiss --version forge-36.2.34 --gameDir /Users/kevinfrench/Documents/curseforge/minecraft/Instances/Enigmatica 6 - E6 - 1.16.5 --assetsDir /Users/kevinfrench/Documents/curseforge/minecraft/Install/assets --assetIndex 1.16 --uuid f13ef2d3e2ec4fca816fc1c27aa2c0a2 --accessToken eyJhbGciOiJIUzI1NiJ9.eyJ4dWlkIjoiMjUzMzI3NDk5ODczMDY4NCIsImFnZyI6IkFkdWx0Iiwic3ViIjoiZDE3Njg2NmYtN2YwZC00M2MwLTlhZjYtOWE0MDNhNWRjNTRiIiwibmJmIjoxNjU2MDMyOTEzLCJhdXRoIjoiWEJPWCIsInJvbGVzIjpbXSwiaXNzIjoiYXV0aGVudGljYXRpb24iLCJleHAiOjE2NTYxMTkzMTMsImlhdCI6MTY1NjAzMjkxMywicGxhdGZvcm0iOiJQQ19MQVVOQ0hFUiIsInl1aWQiOiIwMDQ1NjYyZTJlYTVlNDE0NTVmMzk4NzZiZTFiYWIxNSJ9.w74h6l7qMebo4_MKSNbKQUA7yZhsSpKgM55nhgZjM3U --userType msa --versionType release --width 1024 --height 768 --launchTarget fmlclient --fml.forgeVersion 36.2.34 --fml.mcVersion 1.16.5 --fml.forgeGroup net.minecraftforge --fml.mcpVersion 20210115.111550
java_class_path (initial): /Users/kevinfrench/Documents/curseforge/minecraft/Install/libraries/net/minecraftforge/forge/1.16.5-36.2.34/forge-1.16.5-36.2.34.jar:/Users/kevinfrench/Documents/curseforge/minecraft/Install/libraries/org/ow2/asm/asm/9.1/asm-9.1.jar:/Users/kevinfrench/Documents/curseforge/minecraft/Install/libraries/org/ow2/asm/asm-commons/9.1/asm-commons-9.1.jar:/Users/kevinfrench/Documents/curseforge/minecraft/Install/libraries/org/ow2/asm/asm-tree/9.1/asm-tree-9.1.jar:/Users/kevinfrench/Documents/curseforge/minecraft/Install/libraries/org/ow2/asm/asm-util/9.1/asm-util-9.1.jar:/Users/kevinfrench/Documents/curseforge/minecraft/Install/libraries/org/ow2/asm/asm-analysis/9.1/asm-analysis-9.1.jar:/Users/kevinfrench/Documents/curseforge/minecraft/Install/libraries/cpw/mods/modlauncher/8.1.3/modlauncher-8.1.3.jar:/Users/kevinfrench/Documents/curseforge/minecraft/Install/libraries/cpw/mods/grossjava9hacks/1.3.3/grossjava9hacks-1.3.3.jar:/Users/kevinfrench/Documents/curseforge/minecraft/Install/libraries/net/minecraftforge/accesstransformers/3.0.1/accesstransformers-3.0.1.jar:/Users/kevinfrench/Documents/curseforge/minecraft/Install/libraries/org/antlr/antlr4-runtime/4.9.1/antlr4-runtime-4.9.1.jar:/Users/kevinfrench/Documents/curseforge/minecraft/Install/libraries/net/minecraftforge/eventbus/4.0.0/eventbus-4.0.0.jar:/Users/kevinfrench/Documents/curseforge/minecraft/Install/libraries/net/minecraftforge/forgespi/3.2.0/forgespi-3.2.0.jar:/Users/kevinfrench/Documents/curseforge/minecraft/Install/libraries/net/minecraftforge/coremods/4.0.6/coremods-4.0.6.jar:/Users/kevinfrench/Documents/curseforge/minecraft/Install/libraries/net/minecraftforge/unsafe/0.2.0/unsafe-0.2.0.jar:/Users/kevinfrench/Documents/curseforge/minecraft/Install/libraries/com/electronwill/night-config/core/3.6.3/core-3.6.3.jar:/Users/kevinfrench/Documents/curseforge/minecraft/Install/libraries/com/electronwill/night-config/toml/3.6.3/toml-3.6.3.jar:/Users/kevinfrench/Documents/curseforge/minecraft
Launcher Type: SUN_STANDARD

Environment Variables:
PATH=/usr/bin:/bin:/usr/sbin:/sbin
SHELL=/bin/zsh

Signal Handlers:
SIGSEGV: [libjvm.dylib+0x5a6855], sa_mask[0]=11111111111111111111111111111111, sa_flags=SA_ONSTACK|SA_RESTART|SA_SIGINFO
SIGBUS: [libjvm.dylib+0x5a6855], sa_mask[0]=11111111111111111111111111111111, sa_flags=SA_RESTART|SA_SIGINFO
SIGFPE: [libjvm.dylib+0x4804ec], sa_mask[0]=11111111111111111111111111111111, sa_flags=SA_RESTART|SA_SIGINFO
SIGPIPE: [libjvm.dylib+0x4804ec], sa_mask[0]=11111111111111111111111111111111, sa_flags=SA_RESTART|SA_SIGINFO
SIGXFSZ: [libjvm.dylib+0x4804ec], sa_mask[0]=11111111111111111111111111111111, sa_flags=SA_RESTART|SA_SIGINFO
SIGILL: [libjvm.dylib+0x4804ec], sa_mask[0]=11111111111111111111111111111111, sa_flags=SA_RESTART|SA_SIGINFO
SIGUSR1: SIG_DFL, sa_mask[0]=00000000000000000000000000000000, sa_flags=none
SIGUSR2: [libjvm.dylib+0x48000a], sa_mask[0]=00000000000000000000000000000000, sa_flags=SA_RESTART|SA_SIGINFO
SIGHUP: [libjvm.dylib+0x47e5e1], sa_mask[0]=11111111111111111111111111111111, sa_flags=SA_RESTART|SA_SIGINFO
SIGINT: [libjvm.dylib+0x47e5e1], sa_mask[0]=11111111111111111111111111111111, sa_flags=SA_RESTART|SA_SIGINFO
SIGTERM: [libjvm.dylib+0x47e5e1], sa_mask[0]=11111111111111111111111111111111, sa_flags=SA_RESTART|SA_SIGINFO
SIGQUIT: [libjvm.dylib+0x47e5e1], sa_mask[0]=11111111111111111111111111111111, sa_flags=SA_RESTART|SA_SIGINFO


---------------  S Y S T E M  ---------------

OS:Bsduname:Darwin 21.5.0 Darwin Kernel Version 21.5.0: Tue Apr 26 21:08:37 PDT 2022; root:xnu-8020.121.3~4/RELEASE_ARM64_T6000 x86_64
rlimit: STACK 8176k, CORE 0k, NPROC 2666, NOFILE 10240, AS infinity
load average:8.27 8.14 7.06

CPU:total 10 (1 cores per cpu, 1 threads per core) family 6 model 44 stepping 0, cmov, cx8, fxsr, mmx, sse, sse2, sse3, ssse3, sse4.1, sse4.2, popcnt, aes, clmul, tsc, tscinvbit, tscinv

Memory: 4k page, physical 16777216k(59988k free)

/proc/meminfo:


vm_info: Java HotSpot(TM) 64-Bit Server VM (25.74-b02) for bsd-amd64 JRE (1.8.0_74-b02), built on Jan 29 2016 15:32:34 by "java_re" with gcc 4.2.1 (Based on Apple Inc. build 5658) (LLVM build 2336.11.00)

time: Thu Jun 23 18:23:01 2022
elapsed time: 865 seconds (0d 0h 14m 25s)

