[12:11:31] [main/INFO] [JMLogger] JourneyMap log initialized.
[12:11:31] [main/INFO] [JourneymapClient] initialize ENTER
[12:11:31] [main/INFO] [ClientAPI] [ClientAPI] built with JourneyMap API 1.8-SNAPSHOT
[12:11:31] [main/INFO] [PluginHelper] Initializing plugins with Client API: journeymap.client.api.impl.ClientAPI
[12:11:31] [main/INFO] [PluginHelper] Initialized IClientPlugin: net.blay09.mods.waystones.compat.JourneyMapAddon
[12:11:31] [main/INFO] [PluginHelper] Initialized IClientPlugin: frankv.jmi.JMIJourneyMapPlugin
[12:11:31] [main/WARN] [PropertiesBase] core (Initialized) Bad configField entry during updateFrom(): optionsManagerViewed=null
[12:11:31] [main/WARN] [PropertiesBase] core (Initialized) Bad configField entry during updateFrom(): splashViewed=null
[12:11:31] [Render thread/INFO] [?] Version: JourneyMap 1.16.5-5.8.5, built with Forge 1.16.5-36.2.22
Forge: 36.2.34
Environment: os.name, os.arch, java.version, user.country, user.language=null, game language=en_us, locale=en_us
Features: 
	RadarPlayers : singleplayer = true , multiplayer = true
	RadarAnimals : singleplayer = true , multiplayer = true
	RadarMobs : singleplayer = true , multiplayer = true
	RadarVillagers : singleplayer = true , multiplayer = true
	MapTopo : singleplayer = true , multiplayer = true
	MapSurface : singleplayer = true , multiplayer = true
	MapCaves : singleplayer = true , multiplayer = true
	MapBiome : singleplayer = true , multiplayer = true
MiniMapProperties{state=Valid, file=journeymap.minimap.config, configVersion=5.8.5, zoomLevel=0, compassFontScale=1.0, terrainAlpha=100, showEntityNames=true, positionX=0.9, positionY=0.25, effectVertical=false, showPlayerHeading=true, sizePercent=30, playerDisplayScale=1.0, showDayNight=true, showPets=true, preferredMapType=night, showCompass=true, mobDisplay=jm.common.entity_display.dots, systemTimeRealFormat=HH:mm:ss, shape=jm.minimap.shape_circle, showSelf=true, selfDisplayScale=1.0, showGrid=true, reticleOrientation=jm.minimap.orientation.compass, gameTimeRealFormat=HH:mm:ss, effectTranslateX=0, showWaypoints=true, minimapKeyMovementSpeed=0.001, showAnimals=true, infoSlotAlpha=0.7, effectTranslateY=0, showWaypointLabels=true, moveEffectIcons=true, position=jm.minimap.position_topright, fontScale=1.0, showPlayers=true, waypointIconScale=1.0, frameAlpha=100, effectReversed=false, backgroundAlpha=0.8, enabled=true, showVillagers=true, info2Label=jm.theme.labelsource.gametime, info3Label=jm.theme.labelsource.location, showMobs=true, waypointLabelScale=1.0, showReticle=true, orientation=jm.minimap.orientation.north, info4Label=jm.theme.labelsource.biome, locationFormat=xzyv, playerDisplay=jm.common.entity_display.dots, mobDisplayScale=1.0, showCaves=true, showMobHeading=true, locationFormatVerbose=true, info1Label=jm.theme.labelsource.blank}
MiniMapProperties{state=Valid, file=journeymap.minimap2.config, configVersion=5.8.5, zoomLevel=0, compassFontScale=1.0, terrainAlpha=100, showEntityNames=true, positionX=0.9, positionY=0.25, effectVertical=false, showPlayerHeading=true, sizePercent=30, playerDisplayScale=1.0, showDayNight=true, showPets=true, preferredMapType=day, showCompass=true, mobDisplay=jm.common.entity_display.dots, systemTimeRealFormat=HH:mm:ss, shape=jm.minimap.shape_rectangle, showSelf=true, selfDisplayScale=1.0, showGrid=true, reticleOrientation=jm.minimap.orientation.compass, gameTimeRealFormat=HH:mm:ss, effectTranslateX=0, showWaypoints=true, minimapKeyMovementSpeed=0.001, showAnimals=true, infoSlotAlpha=0.7, effectTranslateY=0, showWaypointLabels=true, moveEffectIcons=true, position=jm.minimap.position_topright, fontScale=1.0, showPlayers=true, waypointIconScale=1.0, frameAlpha=100, effectReversed=false, backgroundAlpha=0.8, enabled=true, showVillagers=true, info2Label=jm.theme.labelsource.gametime, info3Label=jm.theme.labelsource.location, showMobs=true, waypointLabelScale=1.0, showReticle=true, orientation=jm.minimap.orientation.north, info4Label=jm.theme.labelsource.biome, locationFormat=xzyv, playerDisplay=jm.common.entity_display.dots, mobDisplayScale=1.0, showCaves=true, showMobHeading=true, locationFormatVerbose=true, info1Label=jm.theme.labelsource.blank}
FullMapProperties{state=Valid, file=journeymap.fullmap.config, configVersion=5.8.5, zoomLevel=0, showPlayers=true, waypointIconScale=1.0, showEntityNames=true, showPlayerHeading=true, showVillagers=true, showPlayerLoc=true, showKeys=true, playerDisplayScale=1.0, showMobs=true, showPets=true, waypointLabelScale=1.0, preferredMapType=day, mobDisplay=jm.common.entity_display.dots, showSelf=true, locationFormat=xzyv, playerDisplay=jm.common.entity_display.dots, mobDisplayScale=1.0, selfDisplayScale=1.0, showGrid=true, showMouseLoc=true, showWaypoints=true, showCaves=true, showAnimals=true, dragScale=1, showMobHeading=true, showWaypointLabels=true, locationFormatVerbose=true, fontScale=1.0}
WaypointProperties{state=Valid, file=journeymap.waypoint.config, configVersion=5.8.5, autoRemoveDeathpointDistance=2, dateFormat=MM-dd-yyyy, autoRemoveDeathpoints=false, fullscreenDoubleClickToCreate=true, managerDimensionFocus=false, minDistance=4, boldLabel=false, textureSmall=true, showDeathpointlabel=true, beaconEnabled=true, createDeathpoints=true, showName=true, disableStrikeThrough=false, maxDistance=0, autoHideLabel=true, autoRemoveTempWaypoints=2, teleportCommand=/tp {name} {x} {y} {z}, showStaticBeam=true, timeFormat=HH:mm:ss, showDeviationLabel=false, showDistance=true, showRotatingBeam=true, fontScale=2.0, showTexture=true, managerEnabled=true}
WebMapProperties{state=Valid, file=journeymap.webmap.config, configVersion=5.8.5, port=8080, enabled=false}
CoreProperties{state=Valid, file=journeymap.core.config, configVersion=5.8.5, verboseColorPalette=false, maxPlayersData=32, mapSurfaceAboveCaves=true, dataCachingEnabled=true, optionsManagerViewed=null, announceMod=true, colorPassive=#bbbbbb, renderOverlayEventTypeName=ALL, mapBlendWater=false, renderDistanceSurfaceMax=0, seedId=false, radarVerticalDistance=16, mapBlendGrass=true, recordCacheStats=false, hideSneakingEntities=true, revealShape=jm.minimap.shape_circle, mapBiome=true, alwaysMapSurface=false, colorVillager=#88e188, mapPlants=false, colorPet=#0077ff, radarLateralDistance=64, mapBathymetry=false, mapCrops=true, maxMobsData=32, mapPlantShadows=false, alwaysMapCaves=false, checkUpdates=true, browserPoll=2000, mapBlendFoliage=true, hideSpectators=false, mappingEnabled=true, colorPlayer=#ffffff, tileHighDisplayQuality=true, cacheVillagersData=2200, logLevel=INFO, maxVillagersData=32, mapWaterBiomeColors=false, maxAnimalsData=32, mapTransparency=true, tileRenderType=1, caveIgnoreGlass=true, mapTopography=true, renderDistanceCaveMax=0, mapAntialiasing=true, colorSelf=#0000ff, cachePlayersData=2000, cacheMobsData=3000, cachePlayerData=1000, splashViewed=null, colorHostile=#ff0000, cacheAnimalsData=3100, themeName=OceanMonument, mapCaveLighting=true, renderDelay=2, renderOverlayPreEvent=true, glErrorChecking=false, autoMapPoll=2000}
[12:11:32] [main/INFO] [JourneymapClient] initialize EXIT, elapsed count 1 avg 971.64ms
[12:11:45] [main/INFO] [JourneymapClient] Journeymap PostInit
[12:11:45] [main/ERROR] [FileHandler] Couldn't locate icons for flat: /Users/kevinfrench/Documents/curseforge/minecraft/Instances/Enigmatica%206%20-%20E6%20-%201.16.5/mods/journeymap-1.16.5-5.8.5.jar/assets/journeymap/theme/flat
[12:11:45] [main/INFO] [ThemeLoader] Preloaded theme textures: 0
[12:11:45] [main/INFO] [JourneymapClient] postInitialize EXIT, elapsed count 1 avg 69.86ms
[12:11:45] [JM-VersionCheck-1/ERROR] [VersionCheck] Could not check version URL
javax.net.ssl.SSLHandshakeException: sun.security.validator.ValidatorException: PKIX path building failed: sun.security.provider.certpath.SunCertPathBuilderException: unable to find valid certification path to requested target
	at sun.security.ssl.Alerts.getSSLException(Alerts.java:192) ~[?:1.8.0_74]
	at sun.security.ssl.SSLSocketImpl.fatal(SSLSocketImpl.java:1949) ~[?:1.8.0_74]
	at sun.security.ssl.Handshaker.fatalSE(Handshaker.java:302) ~[?:1.8.0_74]
	at sun.security.ssl.Handshaker.fatalSE(Handshaker.java:296) ~[?:1.8.0_74]
	at sun.security.ssl.ClientHandshaker.serverCertificate(ClientHandshaker.java:1509) ~[?:1.8.0_74]
	at sun.security.ssl.ClientHandshaker.processMessage(ClientHandshaker.java:216) ~[?:1.8.0_74]
	at sun.security.ssl.Handshaker.processLoop(Handshaker.java:979) ~[?:1.8.0_74]
	at sun.security.ssl.Handshaker.process_record(Handshaker.java:914) ~[?:1.8.0_74]
	at sun.security.ssl.SSLSocketImpl.readRecord(SSLSocketImpl.java:1062) ~[?:1.8.0_74]
	at sun.security.ssl.SSLSocketImpl.performInitialHandshake(SSLSocketImpl.java:1375) ~[?:1.8.0_74]
	at sun.security.ssl.SSLSocketImpl.startHandshake(SSLSocketImpl.java:1403) ~[?:1.8.0_74]
	at sun.security.ssl.SSLSocketImpl.startHandshake(SSLSocketImpl.java:1387) ~[?:1.8.0_74]
	at org.apache.http.conn.ssl.SSLConnectionSocketFactory.createLayeredSocket(SSLConnectionSocketFactory.java:275) ~[httpclient-4.3.3.jar:4.3.3]
	at org.apache.http.conn.ssl.SSLConnectionSocketFactory.connectSocket(SSLConnectionSocketFactory.java:254) ~[httpclient-4.3.3.jar:4.3.3]
	at org.apache.http.impl.conn.HttpClientConnectionOperator.connect(HttpClientConnectionOperator.java:117) ~[httpclient-4.3.3.jar:4.3.3]
	at org.apache.http.impl.conn.PoolingHttpClientConnectionManager.connect(PoolingHttpClientConnectionManager.java:314) ~[httpclient-4.3.3.jar:4.3.3]
	at org.apache.http.impl.execchain.MainClientExec.establishRoute(MainClientExec.java:363) ~[httpclient-4.3.3.jar:4.3.3]
	at org.apache.http.impl.execchain.MainClientExec.execute(MainClientExec.java:219) ~[httpclient-4.3.3.jar:4.3.3]
	at org.apache.http.impl.execchain.ProtocolExec.execute(ProtocolExec.java:195) ~[httpclient-4.3.3.jar:4.3.3]
	at org.apache.http.impl.execchain.RetryExec.execute(RetryExec.java:86) ~[httpclient-4.3.3.jar:4.3.3]
	at org.apache.http.impl.execchain.RedirectExec.execute(RedirectExec.java:108) ~[httpclient-4.3.3.jar:4.3.3]
	at org.apache.http.impl.client.InternalHttpClient.doExecute(InternalHttpClient.java:186) ~[httpclient-4.3.3.jar:4.3.3]
	at org.apache.http.impl.client.CloseableHttpClient.execute(CloseableHttpClient.java:82) ~[httpclient-4.3.3.jar:4.3.3]
	at org.apache.http.impl.client.CloseableHttpClient.execute(CloseableHttpClient.java:106) ~[httpclient-4.3.3.jar:4.3.3]
	at org.apache.http.impl.client.CloseableHttpClient.execute(CloseableHttpClient.java:57) ~[httpclient-4.3.3.jar:4.3.3]
	at journeymap.common.version.VersionCheck.makeGetRequest(VersionCheck.java:211) ~[?:1.16.5-5.8.5]
	at journeymap.common.version.VersionCheck.lambda$checkVersion$1(VersionCheck.java:121) ~[?:1.16.5-5.8.5]
	at java.util.concurrent.Executors$RunnableAdapter.call(Executors.java:511) [?:1.8.0_74]
	at java.util.concurrent.FutureTask.run(FutureTask.java:266) [?:1.8.0_74]
	at java.util.concurrent.ThreadPoolExecutor.runWorker(ThreadPoolExecutor.java:1142) [?:1.8.0_74]
	at java.util.concurrent.ThreadPoolExecutor$Worker.run(ThreadPoolExecutor.java:617) [?:1.8.0_74]
	at java.lang.Thread.run(Thread.java:745) [?:1.8.0_74]
Caused by: sun.security.validator.ValidatorException: PKIX path building failed: sun.security.provider.certpath.SunCertPathBuilderException: unable to find valid certification path to requested target
	at sun.security.validator.PKIXValidator.doBuild(PKIXValidator.java:387) ~[?:1.8.0_74]
	at sun.security.validator.PKIXValidator.engineValidate(PKIXValidator.java:292) ~[?:1.8.0_74]
	at sun.security.validator.Validator.validate(Validator.java:260) ~[?:1.8.0_74]
	at sun.security.ssl.X509TrustManagerImpl.validate(X509TrustManagerImpl.java:324) ~[?:1.8.0_74]
	at sun.security.ssl.X509TrustManagerImpl.checkTrusted(X509TrustManagerImpl.java:229) ~[?:1.8.0_74]
	at sun.security.ssl.X509TrustManagerImpl.checkServerTrusted(X509TrustManagerImpl.java:124) ~[?:1.8.0_74]
	at sun.security.ssl.ClientHandshaker.serverCertificate(ClientHandshaker.java:1491) ~[?:1.8.0_74]
	... 27 more
Caused by: sun.security.provider.certpath.SunCertPathBuilderException: unable to find valid certification path to requested target
	at sun.security.provider.certpath.SunCertPathBuilder.build(SunCertPathBuilder.java:141) ~[?:1.8.0_74]
	at sun.security.provider.certpath.SunCertPathBuilder.engineBuild(SunCertPathBuilder.java:126) ~[?:1.8.0_74]
	at java.security.cert.CertPathBuilder.build(CertPathBuilder.java:280) ~[?:1.8.0_74]
	at sun.security.validator.PKIXValidator.doBuild(PKIXValidator.java:382) ~[?:1.8.0_74]
	at sun.security.validator.PKIXValidator.engineValidate(PKIXValidator.java:292) ~[?:1.8.0_74]
	at sun.security.validator.Validator.validate(Validator.java:260) ~[?:1.8.0_74]
	at sun.security.ssl.X509TrustManagerImpl.validate(X509TrustManagerImpl.java:324) ~[?:1.8.0_74]
	at sun.security.ssl.X509TrustManagerImpl.checkTrusted(X509TrustManagerImpl.java:229) ~[?:1.8.0_74]
	at sun.security.ssl.X509TrustManagerImpl.checkServerTrusted(X509TrustManagerImpl.java:124) ~[?:1.8.0_74]
	at sun.security.ssl.ClientHandshaker.serverCertificate(ClientHandshaker.java:1491) ~[?:1.8.0_74]
	... 27 more
[12:11:46] [JM-VersionCheck-1/ERROR] [VersionCheck] Could not check version URL
javax.net.ssl.SSLHandshakeException: sun.security.validator.ValidatorException: PKIX path building failed: sun.security.provider.certpath.SunCertPathBuilderException: unable to find valid certification path to requested target
	at sun.security.ssl.Alerts.getSSLException(Alerts.java:192) ~[?:1.8.0_74]
	at sun.security.ssl.SSLSocketImpl.fatal(SSLSocketImpl.java:1949) ~[?:1.8.0_74]
	at sun.security.ssl.Handshaker.fatalSE(Handshaker.java:302) ~[?:1.8.0_74]
	at sun.security.ssl.Handshaker.fatalSE(Handshaker.java:296) ~[?:1.8.0_74]
	at sun.security.ssl.ClientHandshaker.serverCertificate(ClientHandshaker.java:1509) ~[?:1.8.0_74]
	at sun.security.ssl.ClientHandshaker.processMessage(ClientHandshaker.java:216) ~[?:1.8.0_74]
	at sun.security.ssl.Handshaker.processLoop(Handshaker.java:979) ~[?:1.8.0_74]
	at sun.security.ssl.Handshaker.process_record(Handshaker.java:914) ~[?:1.8.0_74]
	at sun.security.ssl.SSLSocketImpl.readRecord(SSLSocketImpl.java:1062) ~[?:1.8.0_74]
	at sun.security.ssl.SSLSocketImpl.performInitialHandshake(SSLSocketImpl.java:1375) ~[?:1.8.0_74]
	at sun.security.ssl.SSLSocketImpl.startHandshake(SSLSocketImpl.java:1403) ~[?:1.8.0_74]
	at sun.security.ssl.SSLSocketImpl.startHandshake(SSLSocketImpl.java:1387) ~[?:1.8.0_74]
	at org.apache.http.conn.ssl.SSLConnectionSocketFactory.createLayeredSocket(SSLConnectionSocketFactory.java:275) ~[httpclient-4.3.3.jar:4.3.3]
	at org.apache.http.conn.ssl.SSLConnectionSocketFactory.connectSocket(SSLConnectionSocketFactory.java:254) ~[httpclient-4.3.3.jar:4.3.3]
	at org.apache.http.impl.conn.HttpClientConnectionOperator.connect(HttpClientConnectionOperator.java:117) ~[httpclient-4.3.3.jar:4.3.3]
	at org.apache.http.impl.conn.PoolingHttpClientConnectionManager.connect(PoolingHttpClientConnectionManager.java:314) ~[httpclient-4.3.3.jar:4.3.3]
	at org.apache.http.impl.execchain.MainClientExec.establishRoute(MainClientExec.java:363) ~[httpclient-4.3.3.jar:4.3.3]
	at org.apache.http.impl.execchain.MainClientExec.execute(MainClientExec.java:219) ~[httpclient-4.3.3.jar:4.3.3]
	at org.apache.http.impl.execchain.ProtocolExec.execute(ProtocolExec.java:195) ~[httpclient-4.3.3.jar:4.3.3]
	at org.apache.http.impl.execchain.RetryExec.execute(RetryExec.java:86) ~[httpclient-4.3.3.jar:4.3.3]
	at org.apache.http.impl.execchain.RedirectExec.execute(RedirectExec.java:108) ~[httpclient-4.3.3.jar:4.3.3]
	at org.apache.http.impl.client.InternalHttpClient.doExecute(InternalHttpClient.java:186) ~[httpclient-4.3.3.jar:4.3.3]
	at org.apache.http.impl.client.CloseableHttpClient.execute(CloseableHttpClient.java:82) ~[httpclient-4.3.3.jar:4.3.3]
	at org.apache.http.impl.client.CloseableHttpClient.execute(CloseableHttpClient.java:106) ~[httpclient-4.3.3.jar:4.3.3]
	at org.apache.http.impl.client.CloseableHttpClient.execute(CloseableHttpClient.java:57) ~[httpclient-4.3.3.jar:4.3.3]
	at journeymap.common.version.VersionCheck.makeGetRequest(VersionCheck.java:211) ~[?:1.16.5-5.8.5]
	at journeymap.common.version.VersionCheck.lambda$checkVersion$1(VersionCheck.java:122) ~[?:1.16.5-5.8.5]
	at java.util.concurrent.Executors$RunnableAdapter.call(Executors.java:511) [?:1.8.0_74]
	at java.util.concurrent.FutureTask.run(FutureTask.java:266) [?:1.8.0_74]
	at java.util.concurrent.ThreadPoolExecutor.runWorker(ThreadPoolExecutor.java:1142) [?:1.8.0_74]
	at java.util.concurrent.ThreadPoolExecutor$Worker.run(ThreadPoolExecutor.java:617) [?:1.8.0_74]
	at java.lang.Thread.run(Thread.java:745) [?:1.8.0_74]
Caused by: sun.security.validator.ValidatorException: PKIX path building failed: sun.security.provider.certpath.SunCertPathBuilderException: unable to find valid certification path to requested target
	at sun.security.validator.PKIXValidator.doBuild(PKIXValidator.java:387) ~[?:1.8.0_74]
	at sun.security.validator.PKIXValidator.engineValidate(PKIXValidator.java:292) ~[?:1.8.0_74]
	at sun.security.validator.Validator.validate(Validator.java:260) ~[?:1.8.0_74]
	at sun.security.ssl.X509TrustManagerImpl.validate(X509TrustManagerImpl.java:324) ~[?:1.8.0_74]
	at sun.security.ssl.X509TrustManagerImpl.checkTrusted(X509TrustManagerImpl.java:229) ~[?:1.8.0_74]
	at sun.security.ssl.X509TrustManagerImpl.checkServerTrusted(X509TrustManagerImpl.java:124) ~[?:1.8.0_74]
	at sun.security.ssl.ClientHandshaker.serverCertificate(ClientHandshaker.java:1491) ~[?:1.8.0_74]
	... 27 more
Caused by: sun.security.provider.certpath.SunCertPathBuilderException: unable to find valid certification path to requested target
	at sun.security.provider.certpath.SunCertPathBuilder.build(SunCertPathBuilder.java:141) ~[?:1.8.0_74]
	at sun.security.provider.certpath.SunCertPathBuilder.engineBuild(SunCertPathBuilder.java:126) ~[?:1.8.0_74]
	at java.security.cert.CertPathBuilder.build(CertPathBuilder.java:280) ~[?:1.8.0_74]
	at sun.security.validator.PKIXValidator.doBuild(PKIXValidator.java:382) ~[?:1.8.0_74]
	at sun.security.validator.PKIXValidator.engineValidate(PKIXValidator.java:292) ~[?:1.8.0_74]
	at sun.security.validator.Validator.validate(Validator.java:260) ~[?:1.8.0_74]
	at sun.security.ssl.X509TrustManagerImpl.validate(X509TrustManagerImpl.java:324) ~[?:1.8.0_74]
	at sun.security.ssl.X509TrustManagerImpl.checkTrusted(X509TrustManagerImpl.java:229) ~[?:1.8.0_74]
	at sun.security.ssl.X509TrustManagerImpl.checkServerTrusted(X509TrustManagerImpl.java:124) ~[?:1.8.0_74]
	at sun.security.ssl.ClientHandshaker.serverCertificate(ClientHandshaker.java:1491) ~[?:1.8.0_74]
	... 27 more
[12:22:37] [Server thread/INFO] [ForgeConfig] Loading JourneyMap Forge Configs
[12:22:48] [Thread-1/INFO] [ForgeConfig] Loading JourneyMap Forge Configs
[12:25:05] [main/WARN] [PropertiesBase] core (Initialized) Bad configField entry during updateFrom(): optionsManagerViewed=null
[12:25:05] [main/WARN] [PropertiesBase] core (Initialized) Bad configField entry during updateFrom(): splashViewed=null
[12:25:05] [main/INFO] [ModBlockDelegate] Custom modded block handling enabled for projectvibrantjourneys
[12:25:05] [main/INFO] [WaypointStore] Loaded 0 waypoints from /Users/kevinfrench/Documents/curseforge/minecraft/Instances/Enigmatica 6 - E6 - 1.16.5/journeymap/data/sp/New World/waypoints
[12:25:05] [main/INFO] [JourneymapClient] Mapping started in /Users/kevinfrench/Documents/curseforge/minecraft/Instances/Enigmatica 6 - E6 - 1.16.5/journeymap/data/sp/New World/overworld. Memory: 6797MB total, 2947MB free 
[12:25:27] [main/INFO] [ChatLog] 
[12:47:41] [main/INFO] [JourneymapClient] Mapping halted in /Users/kevinfrench/Documents/curseforge/minecraft/Instances/Enigmatica 6 - E6 - 1.16.5/journeymap/data/mp/Minecraft~Server/minecraft:overworld
[12:47:58] [Netty Client IO #3/INFO] [ForgeConfig] Loading JourneyMap Forge Configs
[12:50:41] [Netty Client IO #9/INFO] [ForgeConfig] Loading JourneyMap Forge Configs
[12:51:44] [main/INFO] [JourneymapClient] World UID is set to: f0525649-f514-47e5-81fc-c00eed21a941
[12:51:53] [main/WARN] [PropertiesBase] core (Initialized) Bad configField entry during updateFrom(): optionsManagerViewed=null
[12:51:53] [main/INFO] [WaypointStore] Loaded 0 waypoints from /Users/kevinfrench/Documents/curseforge/minecraft/Instances/Enigmatica 6 - E6 - 1.16.5/journeymap/data/mp/Minecraft~Server_f0525649~f514~47e5~81fc~c00eed21a941/waypoints
[12:51:53] [main/INFO] [JourneymapClient] Mapping started in /Users/kevinfrench/Documents/curseforge/minecraft/Instances/Enigmatica 6 - E6 - 1.16.5/journeymap/data/mp/Minecraft~Server_f0525649~f514~47e5~81fc~c00eed21a941/overworld. Memory: 7993MB total, 3403MB free 
[12:53:44] [main/INFO] [JourneymapClient] Mapping halted in /Users/kevinfrench/Documents/curseforge/minecraft/Instances/Enigmatica 6 - E6 - 1.16.5/journeymap/data/mp/Minecraft~Server_f0525649~f514~47e5~81fc~c00eed21a941/minecraft:overworld
[12:53:47] [main/INFO] [MappingMonitorTask] World ID has been reset.
[12:53:47] [main/INFO] [JourneymapClient] World UID is set to: null
[15:46:30] [Netty Client IO #11/INFO] [ForgeConfig] Loading JourneyMap Forge Configs
[15:47:55] [main/INFO] [JourneymapClient] World UID is set to: f0525649-f514-47e5-81fc-c00eed21a941
[15:48:06] [main/WARN] [PropertiesBase] core (Initialized) Bad configField entry during updateFrom(): optionsManagerViewed=null
[15:48:06] [main/INFO] [WaypointStore] Loaded 0 waypoints from /Users/kevinfrench/Documents/curseforge/minecraft/Instances/Enigmatica 6 - E6 - 1.16.5/journeymap/data/mp/Minecraft~Server_f0525649~f514~47e5~81fc~c00eed21a941/waypoints
[15:48:06] [main/INFO] [JourneymapClient] Mapping started in /Users/kevinfrench/Documents/curseforge/minecraft/Instances/Enigmatica 6 - E6 - 1.16.5/journeymap/data/mp/Minecraft~Server_f0525649~f514~47e5~81fc~c00eed21a941/overworld. Memory: 7804MB total, 1180MB free 
[16:39:19] [main/INFO] [StatTimer] TileDrawStep.updateRegionTexture hit max count, 1000000
[16:39:24] [main/INFO] [StatTimer] TileDrawStep.draw(low) hit max count, 1000000
[20:51:57] [main/INFO] [JourneymapClient] Mapping halted in /Users/kevinfrench/Documents/curseforge/minecraft/Instances/Enigmatica 6 - E6 - 1.16.5/journeymap/data/mp/Minecraft~Server_f0525649~f514~47e5~81fc~c00eed21a941/minecraft:overworld
[20:52:02] [main/INFO] [MappingMonitorTask] World ID has been reset.
[20:52:02] [main/INFO] [JourneymapClient] World UID is set to: null
[21:43:26] [Netty Client IO #12/INFO] [ForgeConfig] Loading JourneyMap Forge Configs
[21:44:51] [main/INFO] [JourneymapClient] World UID is set to: f0525649-f514-47e5-81fc-c00eed21a941
[21:45:01] [main/WARN] [PropertiesBase] core (Initialized) Bad configField entry during updateFrom(): optionsManagerViewed=null
[21:45:01] [main/INFO] [WaypointStore] Loaded 0 waypoints from /Users/kevinfrench/Documents/curseforge/minecraft/Instances/Enigmatica 6 - E6 - 1.16.5/journeymap/data/mp/Minecraft~Server_f0525649~f514~47e5~81fc~c00eed21a941/waypoints
[21:45:01] [main/INFO] [JourneymapClient] Mapping started in /Users/kevinfrench/Documents/curseforge/minecraft/Instances/Enigmatica 6 - E6 - 1.16.5/journeymap/data/mp/Minecraft~Server_f0525649~f514~47e5~81fc~c00eed21a941/overworld. Memory: 8452MB total, 1834MB free 
[22:24:27] [main/INFO] [StateTickHandler] Piisceiss died at BlockPos{x=102, y=62, z=-89}. Deathpoints enabled: true. Deathpoint created: true
[22:25:21] [main/INFO] [JourneymapClient] Mapping halted in /Users/kevinfrench/Documents/curseforge/minecraft/Instances/Enigmatica 6 - E6 - 1.16.5/journeymap/data/mp/Minecraft~Server_f0525649~f514~47e5~81fc~c00eed21a941/minecraft:overworld
[22:25:25] [main/INFO] [MappingMonitorTask] World ID has been reset.
[22:25:25] [main/INFO] [JourneymapClient] World UID is set to: null
[22:25:59] [Netty Client IO #14/INFO] [ForgeConfig] Loading JourneyMap Forge Configs
[22:27:30] [main/INFO] [JourneymapClient] World UID is set to: f0525649-f514-47e5-81fc-c00eed21a941
[22:27:42] [main/WARN] [PropertiesBase] core (Initialized) Bad configField entry during updateFrom(): optionsManagerViewed=null
[22:27:42] [main/INFO] [WaypointStore] Loaded 1 waypoints from /Users/kevinfrench/Documents/curseforge/minecraft/Instances/Enigmatica 6 - E6 - 1.16.5/journeymap/data/mp/Minecraft~Server_f0525649~f514~47e5~81fc~c00eed21a941/waypoints
[22:27:42] [main/INFO] [JourneymapClient] Mapping started in /Users/kevinfrench/Documents/curseforge/minecraft/Instances/Enigmatica 6 - E6 - 1.16.5/journeymap/data/mp/Minecraft~Server_f0525649~f514~47e5~81fc~c00eed21a941/overworld. Memory: 9520MB total, 2747MB free 
[22:47:23] [JM-task-15/WARN] [StatTimer] BiomeRenderer.renderSurface was slow: 1126.267875 (Warning limit reached)
[22:47:23] [JM-task-15/WARN] [StatTimer] BiomeRenderer.renderSurface: Avg:     7.19ms, Min:     0.61ms, Max:     1260.8ms, Total:        108 sec, Count:    15076, Canceled:        0, Slow:       10
[22:49:41] [JM-task-15/WARN] [StatTimer] TopoRenderer.renderSurface was slow: 1120.030458 (Warning limit reached)
[22:49:41] [JM-task-15/WARN] [StatTimer] TopoRenderer.renderSurface: Avg:     6.97ms, Min:     0.48ms, Max:    1285.28ms, Total:        117 sec, Count:    16919, Canceled:        0, Slow:       10
[22:49:51] [main/INFO] [JourneymapClient] Mapping halted in /Users/kevinfrench/Documents/curseforge/minecraft/Instances/Enigmatica 6 - E6 - 1.16.5/journeymap/data/mp/Minecraft~Server_f0525649~f514~47e5~81fc~c00eed21a941/minecraft:overworld
[22:49:51] [JM-task-15/WARN] [TaskBatch] TaskBatch thread interrupted: journeymap.client.task.multi.MapPlayerTask$MapPlayerTaskBatch@5037139b
[22:49:55] [main/INFO] [MappingMonitorTask] World ID has been reset.
[22:49:55] [main/INFO] [JourneymapClient] World UID is set to: null
